2020-05-04 16:08:25,534 INFO o.a.j.u.JMeterUtils: Setting Locale to en_EN
2020-05-04 16:08:25,559 INFO o.a.j.JMeter: Loading user properties from: /usr/local/Cellar/jmeter/5.2.1/libexec/bin/user.properties
2020-05-04 16:08:25,560 INFO o.a.j.JMeter: Loading system properties from: /usr/local/Cellar/jmeter/5.2.1/libexec/bin/system.properties
2020-05-04 16:08:25,562 INFO o.a.j.JMeter: Copyright (c) 1998-2019 The Apache Software Foundation
2020-05-04 16:08:25,562 INFO o.a.j.JMeter: Version 5.2.1
2020-05-04 16:08:25,562 INFO o.a.j.JMeter: java.version=11.0.6
2020-05-04 16:08:25,562 INFO o.a.j.JMeter: java.vm.name=OpenJDK 64-Bit Server VM
2020-05-04 16:08:25,562 INFO o.a.j.JMeter: os.name=Mac OS X
2020-05-04 16:08:25,562 INFO o.a.j.JMeter: os.arch=x86_64
2020-05-04 16:08:25,562 INFO o.a.j.JMeter: os.version=10.14.6
2020-05-04 16:08:25,562 INFO o.a.j.JMeter: file.encoding=UTF-8
2020-05-04 16:08:25,563 INFO o.a.j.JMeter: java.awt.headless=null
2020-05-04 16:08:25,563 INFO o.a.j.JMeter: Max memory     =1073741824
2020-05-04 16:08:25,563 INFO o.a.j.JMeter: Available Processors =8
2020-05-04 16:08:25,570 INFO o.a.j.JMeter: Default Locale=English (EN)
2020-05-04 16:08:25,570 INFO o.a.j.JMeter: JMeter  Locale=English (EN)
2020-05-04 16:08:25,570 INFO o.a.j.JMeter: JMeterHome=/usr/local/Cellar/jmeter/5.2.1/libexec
2020-05-04 16:08:25,570 INFO o.a.j.JMeter: user.dir  =/Users/rafael/Documents/IST/ES/project/es20al_21-project
2020-05-04 16:08:25,570 INFO o.a.j.JMeter: PWD       =/Users/rafael/Documents/IST/ES/project/es20al_21-project
2020-05-04 16:08:25,572 INFO o.a.j.JMeter: IP: 192.168.1.93 Name: MBP-de-Rafael.Home FullName: mbp-de-rafael.home
2020-05-04 16:08:26,857 INFO o.a.j.g.a.LookAndFeelCommand: Installing Darcula LAF
2020-05-04 16:08:26,866 INFO o.a.j.g.a.LookAndFeelCommand: Using look and feel: com.bulenkov.darcula.DarculaLaf [Darcula]
2020-05-04 16:08:26,867 INFO o.a.j.JMeter: Setting LAF to: com.bulenkov.darcula.DarculaLaf
2020-05-04 16:08:26,940 INFO o.a.j.JMeter: Loaded icon properties from org/apache/jmeter/images/icon.properties
2020-05-04 16:08:27,597 INFO o.j.r.JARSourceHTTP: Found cached repo
2020-05-04 16:08:27,734 INFO o.j.r.PluginManager: Plugins Status: [jpgc-plugins-manager=1.3, jmeter-core=5.2.1, jmeter-ftp=5.2.1, jmeter-http=5.2.1, jmeter-jdbc=5.2.1, jmeter-jms=5.2.1, jmeter-junit=5.2.1, jmeter-java=5.2.1, jmeter-ldap=5.2.1, jmeter-mail=5.2.1, jmeter-mongodb=5.2.1, jmeter-native=5.2.1, jmeter-tcp=5.2.1, jmeter-components=5.2.1]
2020-05-04 16:08:27,735 INFO o.j.r.PluginManagerMenuItem: Plugins Manager has upgrades: [jpgc-plugins-manager]
2020-05-04 16:08:29,314 INFO o.a.j.p.h.s.HTTPSamplerBase: Parser for text/html is org.apache.jmeter.protocol.http.parser.LagartoBasedHtmlParser
2020-05-04 16:08:29,315 INFO o.a.j.p.h.s.HTTPSamplerBase: Parser for application/xhtml+xml is org.apache.jmeter.protocol.http.parser.LagartoBasedHtmlParser
2020-05-04 16:08:29,315 INFO o.a.j.p.h.s.HTTPSamplerBase: Parser for application/xml is org.apache.jmeter.protocol.http.parser.LagartoBasedHtmlParser
2020-05-04 16:08:29,315 INFO o.a.j.p.h.s.HTTPSamplerBase: Parser for text/xml is org.apache.jmeter.protocol.http.parser.LagartoBasedHtmlParser
2020-05-04 16:08:29,315 INFO o.a.j.p.h.s.HTTPSamplerBase: Parser for text/vnd.wap.wml is org.apache.jmeter.protocol.http.parser.RegexpHTMLParser
2020-05-04 16:08:29,315 INFO o.a.j.p.h.s.HTTPSamplerBase: Parser for text/css is org.apache.jmeter.protocol.http.parser.CssParser
2020-05-04 16:08:29,608 INFO o.a.j.e.KeyToolUtils: keytool found at 'keytool'
2020-05-04 16:08:29,609 INFO o.a.j.p.h.p.ProxyControl: HTTP(S) Test Script Recorder SSL Proxy will use keys that support embedded 3rd party resources in file /usr/local/Cellar/jmeter/5.2.1/libexec/bin/proxyserver.jks
2020-05-04 16:08:29,746 INFO o.a.j.s.FileServer: Default base='/Users/rafael/Documents/IST/ES/project/es20al_21-project'
2020-05-04 16:08:29,982 INFO o.a.j.s.SampleResult: Note: Sample TimeStamps are START times
2020-05-04 16:08:29,982 INFO o.a.j.s.SampleResult: sampleresult.default.encoding is set to ISO-8859-1
2020-05-04 16:08:29,982 INFO o.a.j.s.SampleResult: sampleresult.useNanoTime=true
2020-05-04 16:08:29,983 INFO o.a.j.s.SampleResult: sampleresult.nanoThreadSleep=5000
2020-05-04 16:08:30,000 INFO o.a.j.v.ViewResultsFullVisualizer: Add JavaFX to your Java installation if you want to use renderer: org.apache.jmeter.visualizers.RenderInBrowser
2020-05-04 16:09:47,997 INFO o.a.j.g.a.Load: Loading file: /Users/rafael/Documents/IST/ES/project/es20al_21-project/backend/jmeter/questionbystudent/teacherEvaluateQuestionSubmissionTest.jmx
2020-05-04 16:09:47,998 INFO o.a.j.s.FileServer: Set new base='/Users/rafael/Documents/IST/ES/project/es20al_21-project/backend/jmeter/questionbystudent'
2020-05-04 16:09:48,115 INFO o.a.j.s.SaveService: Testplan (JMX) version: 2.2. Testlog (JTL) version: 2.2
2020-05-04 16:09:48,122 INFO o.a.j.s.SaveService: Using SaveService properties version 5.0
2020-05-04 16:09:48,123 INFO o.a.j.s.SaveService: Using SaveService properties file encoding UTF-8
2020-05-04 16:09:48,125 INFO o.a.j.s.SaveService: Loading file: /Users/rafael/Documents/IST/ES/project/es20al_21-project/backend/jmeter/questionbystudent/teacherEvaluateQuestionSubmissionTest.jmx
2020-05-04 16:09:48,401 INFO o.a.j.v.ViewResultsFullVisualizer: Add JavaFX to your Java installation if you want to use renderer: org.apache.jmeter.visualizers.RenderInBrowser
2020-05-04 16:09:48,449 INFO o.a.j.v.ViewResultsFullVisualizer: Add JavaFX to your Java installation if you want to use renderer: org.apache.jmeter.visualizers.RenderInBrowser
2020-05-04 16:09:48,515 INFO o.a.j.v.ViewResultsFullVisualizer: Add JavaFX to your Java installation if you want to use renderer: org.apache.jmeter.visualizers.RenderInBrowser
2020-05-04 16:09:48,542 INFO o.a.j.s.FileServer: Set new base='/Users/rafael/Documents/IST/ES/project/es20al_21-project/backend/jmeter/questionbystudent'
2020-05-04 16:10:29,988 INFO o.a.j.s.FileServer: Set new base='/Users/rafael/Documents/IST/ES/project/es20al_21-project/backend/jmeter/questionbystudent'
2020-05-04 16:10:32,277 INFO o.a.j.v.ViewResultsFullVisualizer: Add JavaFX to your Java installation if you want to use renderer: org.apache.jmeter.visualizers.RenderInBrowser
2020-05-04 16:10:32,315 INFO o.a.j.v.ViewResultsFullVisualizer: Add JavaFX to your Java installation if you want to use renderer: org.apache.jmeter.visualizers.RenderInBrowser
2020-05-04 16:10:32,349 INFO o.a.j.v.ViewResultsFullVisualizer: Add JavaFX to your Java installation if you want to use renderer: org.apache.jmeter.visualizers.RenderInBrowser
2020-05-04 16:33:44,269 INFO o.a.j.e.StandardJMeterEngine: Running the test!
2020-05-04 16:33:44,276 INFO o.a.j.s.SampleEvent: List of sample_variables: []
2020-05-04 16:33:44,277 INFO o.a.j.s.SampleEvent: List of sample_variables: []
2020-05-04 16:33:44,284 INFO o.a.j.e.u.CompoundVariable: Note: Function class names must contain the string: '.functions.'
2020-05-04 16:33:44,284 INFO o.a.j.e.u.CompoundVariable: Note: Function class names must not contain the string: '.gui.'
2020-05-04 16:33:44,525 ERROR o.a.j.u.BeanShellInterpreter: Error invoking bsh method: eval	In file: inline evaluation of: ``import org.apache.jmeter.services.FileServer fileserver.getFileServer().getBaseD . . . '' Encountered "fileserver" at line 1, column 46.

2020-05-04 16:33:44,525 WARN o.a.j.f.BeanShell: Error running BSH script
org.apache.jorphan.util.JMeterException: Error invoking bsh method: eval	In file: inline evaluation of: ``import org.apache.jmeter.services.FileServer fileserver.getFileServer().getBaseD . . . '' Encountered "fileserver" at line 1, column 46.

	at org.apache.jmeter.util.BeanShellInterpreter.bshInvoke(BeanShellInterpreter.java:180) ~[ApacheJMeter_core.jar:5.2.1]
	at org.apache.jmeter.util.BeanShellInterpreter.eval(BeanShellInterpreter.java:186) ~[ApacheJMeter_core.jar:5.2.1]
	at org.apache.jmeter.functions.BeanShell.execute(BeanShell.java:100) [ApacheJMeter_functions.jar:5.2.1]
	at org.apache.jmeter.engine.util.CompoundVariable.execute(CompoundVariable.java:136) [ApacheJMeter_core.jar:5.2.1]
	at org.apache.jmeter.engine.util.CompoundVariable.execute(CompoundVariable.java:111) [ApacheJMeter_core.jar:5.2.1]
	at org.apache.jmeter.testelement.property.FunctionProperty.getStringValue(FunctionProperty.java:92) [ApacheJMeter_core.jar:5.2.1]
	at org.apache.jmeter.testelement.AbstractTestElement.getPropertyAsString(AbstractTestElement.java:281) [ApacheJMeter_core.jar:5.2.1]
	at org.apache.jmeter.config.Argument.getValue(Argument.java:146) [ApacheJMeter_core.jar:5.2.1]
	at org.apache.jmeter.config.Arguments.getArgumentsAsMap(Arguments.java:94) [ApacheJMeter_core.jar:5.2.1]
	at org.apache.jmeter.engine.PreCompiler.createArgumentsMap(PreCompiler.java:114) [ApacheJMeter_core.jar:5.2.1]
	at org.apache.jmeter.engine.PreCompiler.addNode(PreCompiler.java:101) [ApacheJMeter_core.jar:5.2.1]
	at org.apache.jorphan.collections.HashTree.traverseInto(HashTree.java:994) [jorphan.jar:5.2.1]
	at org.apache.jorphan.collections.HashTree.traverse(HashTree.java:977) [jorphan.jar:5.2.1]
	at org.apache.jmeter.engine.StandardJMeterEngine.run(StandardJMeterEngine.java:362) [ApacheJMeter_core.jar:5.2.1]
	at java.lang.Thread.run(Thread.java:834) [?:?]
Caused by: java.lang.reflect.InvocationTargetException
	at jdk.internal.reflect.NativeMethodAccessorImpl.invoke0(Native Method) ~[?:?]
	at jdk.internal.reflect.NativeMethodAccessorImpl.invoke(NativeMethodAccessorImpl.java:62) ~[?:?]
	at jdk.internal.reflect.DelegatingMethodAccessorImpl.invoke(DelegatingMethodAccessorImpl.java:43) ~[?:?]
	at java.lang.reflect.Method.invoke(Method.java:566) ~[?:?]
	at org.apache.jmeter.util.BeanShellInterpreter.bshInvoke(BeanShellInterpreter.java:163) ~[ApacheJMeter_core.jar:5.2.1]
	... 14 more
Caused by: bsh.ParseException: In file: inline evaluation of: ``import org.apache.jmeter.services.FileServer fileserver.getFileServer().getBaseD . . . '' Encountered "fileserver" at line 1, column 46.

	at bsh.Parser.generateParseException(Parser.java:6106) ~[bsh-2.0b6.jar:2.0b6 2016-02-05 05:16:19]
	at bsh.Parser.jj_consume_token(Parser.java:5977) ~[bsh-2.0b6.jar:2.0b6 2016-02-05 05:16:19]
	at bsh.Parser.ImportDeclaration(Parser.java:480) ~[bsh-2.0b6.jar:2.0b6 2016-02-05 05:16:19]
	at bsh.Parser.BlockStatement(Parser.java:2823) ~[bsh-2.0b6.jar:2.0b6 2016-02-05 05:16:19]
	at bsh.Parser.Line(Parser.java:172) ~[bsh-2.0b6.jar:2.0b6 2016-02-05 05:16:19]
	at bsh.Interpreter.Line(Interpreter.java:1011) ~[bsh-2.0b6.jar:2.0b6 2016-02-05 05:16:19]
	at bsh.Interpreter.eval(Interpreter.java:641) ~[bsh-2.0b6.jar:2.0b6 2016-02-05 05:16:19]
	at bsh.Interpreter.eval(Interpreter.java:750) ~[bsh-2.0b6.jar:2.0b6 2016-02-05 05:16:19]
	at bsh.Interpreter.eval(Interpreter.java:739) ~[bsh-2.0b6.jar:2.0b6 2016-02-05 05:16:19]
	at jdk.internal.reflect.NativeMethodAccessorImpl.invoke0(Native Method) ~[?:?]
	at jdk.internal.reflect.NativeMethodAccessorImpl.invoke(NativeMethodAccessorImpl.java:62) ~[?:?]
	at jdk.internal.reflect.DelegatingMethodAccessorImpl.invoke(DelegatingMethodAccessorImpl.java:43) ~[?:?]
	at java.lang.reflect.Method.invoke(Method.java:566) ~[?:?]
	at org.apache.jmeter.util.BeanShellInterpreter.bshInvoke(BeanShellInterpreter.java:163) ~[ApacheJMeter_core.jar:5.2.1]
	... 14 more
2020-05-04 16:33:44,539 INFO o.a.j.g.u.JMeterMenuBar: setRunning(true, *local*)
2020-05-04 16:33:44,542 INFO o.a.j.e.StandardJMeterEngine: Starting setUp thread groups
2020-05-04 16:33:44,542 INFO o.a.j.e.StandardJMeterEngine: Starting setUp ThreadGroup: 1 : setUp Thread Group 
2020-05-04 16:33:44,542 INFO o.a.j.e.StandardJMeterEngine: Starting 1 threads for group setUp Thread Group.
2020-05-04 16:33:44,542 INFO o.a.j.e.StandardJMeterEngine: Thread will continue on error
2020-05-04 16:33:44,542 INFO o.a.j.t.ThreadGroup: Starting thread group... number=1 threads=1 ramp-up=1 delayedStart=false
2020-05-04 16:33:44,553 INFO o.a.j.t.ThreadGroup: Started thread group number 1
2020-05-04 16:33:44,553 INFO o.a.j.e.StandardJMeterEngine: Waiting for all setup thread groups to exit
2020-05-04 16:33:44,556 INFO o.a.j.t.JMeterThread: Thread started: setUp Thread Group 1-1
2020-05-04 16:33:44,558 INFO o.a.j.s.FileServer: Stored: SubmissionData.csv
2020-05-04 16:33:44,568 INFO o.a.j.p.h.s.HTTPHCAbstractImpl: Local host = MBP-de-Rafael.Home
2020-05-04 16:33:44,573 INFO o.a.j.p.h.s.HTTPHC4Impl: HTTP request retry count = 0
2020-05-04 16:33:45,541 INFO o.a.j.s.FileServer: Stored: SubmissionDataToEvaluate.csv
2020-05-04 16:33:45,582 INFO o.a.j.t.JMeterThread: Thread is done: setUp Thread Group 1-1
2020-05-04 16:33:45,582 INFO o.a.j.t.JMeterThread: Thread finished: setUp Thread Group 1-1
2020-05-04 16:33:45,583 INFO o.a.j.e.StandardJMeterEngine: All Setup Threads have ended
2020-05-04 16:33:45,726 INFO o.a.j.e.StandardJMeterEngine: Starting ThreadGroup: 1 : Thread Group
2020-05-04 16:33:45,727 INFO o.a.j.e.StandardJMeterEngine: Starting 1 threads for group Thread Group.
2020-05-04 16:33:45,727 INFO o.a.j.e.StandardJMeterEngine: Thread will continue on error
2020-05-04 16:33:45,727 INFO o.a.j.t.ThreadGroup: Starting thread group... number=1 threads=1 ramp-up=1 delayedStart=false
2020-05-04 16:33:45,728 INFO o.a.j.t.ThreadGroup: Started thread group number 1
2020-05-04 16:33:45,728 INFO o.a.j.e.StandardJMeterEngine: All thread groups have been started
2020-05-04 16:33:45,729 INFO o.a.j.t.JMeterThread: Thread started: Thread Group 1-1
2020-05-04 16:33:45,763 INFO o.a.j.t.JMeterThread: Thread is done: Thread Group 1-1
2020-05-04 16:33:45,763 INFO o.a.j.t.JMeterThread: Thread finished: Thread Group 1-1
2020-05-04 16:33:45,764 INFO o.a.j.e.StandardJMeterEngine: Starting tearDown thread groups
2020-05-04 16:33:45,764 INFO o.a.j.e.StandardJMeterEngine: Starting tearDown ThreadGroup: 1 : tearDown Thread Group
2020-05-04 16:33:45,764 INFO o.a.j.e.StandardJMeterEngine: Starting 1 threads for group tearDown Thread Group.
2020-05-04 16:33:45,764 INFO o.a.j.e.StandardJMeterEngine: Thread will continue on error
2020-05-04 16:33:45,764 INFO o.a.j.t.ThreadGroup: Starting thread group... number=1 threads=1 ramp-up=1 delayedStart=false
2020-05-04 16:33:45,764 INFO o.a.j.t.ThreadGroup: Started thread group number 1
2020-05-04 16:33:45,765 INFO o.a.j.t.JMeterThread: Thread started: tearDown Thread Group 1-1
2020-05-04 16:33:45,881 INFO o.a.j.t.JMeterThread: Thread is done: tearDown Thread Group 1-1
2020-05-04 16:33:45,882 INFO o.a.j.t.JMeterThread: Thread finished: tearDown Thread Group 1-1
2020-05-04 16:33:45,882 INFO o.a.j.e.StandardJMeterEngine: Notifying test listeners of end of test
2020-05-04 16:33:45,882 INFO o.a.j.s.FileServer: Close: SubmissionData.csv
2020-05-04 16:33:45,882 INFO o.a.j.s.FileServer: Close: SubmissionDataToEvaluate.csv
2020-05-04 16:33:45,883 INFO o.a.j.g.u.JMeterMenuBar: setRunning(false, *local*)
2020-05-04 16:35:48,583 INFO o.a.j.e.StandardJMeterEngine: Running the test!
2020-05-04 16:35:48,584 INFO o.a.j.s.SampleEvent: List of sample_variables: []
2020-05-04 16:35:48,594 ERROR o.a.j.u.BeanShellInterpreter: Error invoking bsh method: eval	In file: inline evaluation of: ``import org.apache.jmeter.services.FileServer fileserver.getFileServer().getBaseD . . . '' Encountered "fileserver" at line 1, column 46.

2020-05-04 16:35:48,595 WARN o.a.j.f.BeanShell: Error running BSH script
org.apache.jorphan.util.JMeterException: Error invoking bsh method: eval	In file: inline evaluation of: ``import org.apache.jmeter.services.FileServer fileserver.getFileServer().getBaseD . . . '' Encountered "fileserver" at line 1, column 46.

	at org.apache.jmeter.util.BeanShellInterpreter.bshInvoke(BeanShellInterpreter.java:180) ~[ApacheJMeter_core.jar:5.2.1]
	at org.apache.jmeter.util.BeanShellInterpreter.eval(BeanShellInterpreter.java:186) ~[ApacheJMeter_core.jar:5.2.1]
	at org.apache.jmeter.functions.BeanShell.execute(BeanShell.java:100) [ApacheJMeter_functions.jar:5.2.1]
	at org.apache.jmeter.engine.util.CompoundVariable.execute(CompoundVariable.java:136) [ApacheJMeter_core.jar:5.2.1]
	at org.apache.jmeter.engine.util.CompoundVariable.execute(CompoundVariable.java:111) [ApacheJMeter_core.jar:5.2.1]
	at org.apache.jmeter.testelement.property.FunctionProperty.getStringValue(FunctionProperty.java:92) [ApacheJMeter_core.jar:5.2.1]
	at org.apache.jmeter.testelement.AbstractTestElement.getPropertyAsString(AbstractTestElement.java:281) [ApacheJMeter_core.jar:5.2.1]
	at org.apache.jmeter.config.Argument.getValue(Argument.java:146) [ApacheJMeter_core.jar:5.2.1]
	at org.apache.jmeter.config.Arguments.getArgumentsAsMap(Arguments.java:94) [ApacheJMeter_core.jar:5.2.1]
	at org.apache.jmeter.engine.PreCompiler.createArgumentsMap(PreCompiler.java:114) [ApacheJMeter_core.jar:5.2.1]
	at org.apache.jmeter.engine.PreCompiler.addNode(PreCompiler.java:101) [ApacheJMeter_core.jar:5.2.1]
	at org.apache.jorphan.collections.HashTree.traverseInto(HashTree.java:994) [jorphan.jar:5.2.1]
	at org.apache.jorphan.collections.HashTree.traverse(HashTree.java:977) [jorphan.jar:5.2.1]
	at org.apache.jmeter.engine.StandardJMeterEngine.run(StandardJMeterEngine.java:362) [ApacheJMeter_core.jar:5.2.1]
	at java.lang.Thread.run(Thread.java:834) [?:?]
Caused by: java.lang.reflect.InvocationTargetException
	at jdk.internal.reflect.NativeMethodAccessorImpl.invoke0(Native Method) ~[?:?]
	at jdk.internal.reflect.NativeMethodAccessorImpl.invoke(NativeMethodAccessorImpl.java:62) ~[?:?]
	at jdk.internal.reflect.DelegatingMethodAccessorImpl.invoke(DelegatingMethodAccessorImpl.java:43) ~[?:?]
	at java.lang.reflect.Method.invoke(Method.java:566) ~[?:?]
	at org.apache.jmeter.util.BeanShellInterpreter.bshInvoke(BeanShellInterpreter.java:163) ~[ApacheJMeter_core.jar:5.2.1]
	... 14 more
Caused by: bsh.ParseException: In file: inline evaluation of: ``import org.apache.jmeter.services.FileServer fileserver.getFileServer().getBaseD . . . '' Encountered "fileserver" at line 1, column 46.

	at bsh.Parser.generateParseException(Parser.java:6106) ~[bsh-2.0b6.jar:2.0b6 2016-02-05 05:16:19]
	at bsh.Parser.jj_consume_token(Parser.java:5977) ~[bsh-2.0b6.jar:2.0b6 2016-02-05 05:16:19]
	at bsh.Parser.ImportDeclaration(Parser.java:480) ~[bsh-2.0b6.jar:2.0b6 2016-02-05 05:16:19]
	at bsh.Parser.BlockStatement(Parser.java:2823) ~[bsh-2.0b6.jar:2.0b6 2016-02-05 05:16:19]
	at bsh.Parser.Line(Parser.java:172) ~[bsh-2.0b6.jar:2.0b6 2016-02-05 05:16:19]
	at bsh.Interpreter.Line(Interpreter.java:1011) ~[bsh-2.0b6.jar:2.0b6 2016-02-05 05:16:19]
	at bsh.Interpreter.eval(Interpreter.java:641) ~[bsh-2.0b6.jar:2.0b6 2016-02-05 05:16:19]
	at bsh.Interpreter.eval(Interpreter.java:750) ~[bsh-2.0b6.jar:2.0b6 2016-02-05 05:16:19]
	at bsh.Interpreter.eval(Interpreter.java:739) ~[bsh-2.0b6.jar:2.0b6 2016-02-05 05:16:19]
	at jdk.internal.reflect.NativeMethodAccessorImpl.invoke0(Native Method) ~[?:?]
	at jdk.internal.reflect.NativeMethodAccessorImpl.invoke(NativeMethodAccessorImpl.java:62) ~[?:?]
	at jdk.internal.reflect.DelegatingMethodAccessorImpl.invoke(DelegatingMethodAccessorImpl.java:43) ~[?:?]
	at java.lang.reflect.Method.invoke(Method.java:566) ~[?:?]
	at org.apache.jmeter.util.BeanShellInterpreter.bshInvoke(BeanShellInterpreter.java:163) ~[ApacheJMeter_core.jar:5.2.1]
	... 14 more
2020-05-04 16:35:48,600 INFO o.a.j.g.u.JMeterMenuBar: setRunning(true, *local*)
2020-05-04 16:35:48,632 INFO o.a.j.e.StandardJMeterEngine: Starting setUp thread groups
2020-05-04 16:35:48,632 INFO o.a.j.e.StandardJMeterEngine: Starting setUp ThreadGroup: 1 : setUp Thread Group 
2020-05-04 16:35:48,632 INFO o.a.j.e.StandardJMeterEngine: Starting 1 threads for group setUp Thread Group.
2020-05-04 16:35:48,632 INFO o.a.j.e.StandardJMeterEngine: Thread will continue on error
2020-05-04 16:35:48,633 INFO o.a.j.t.ThreadGroup: Starting thread group... number=1 threads=1 ramp-up=1 delayedStart=false
2020-05-04 16:35:48,637 INFO o.a.j.t.ThreadGroup: Started thread group number 1
2020-05-04 16:35:48,637 INFO o.a.j.e.StandardJMeterEngine: Waiting for all setup thread groups to exit
2020-05-04 16:35:48,637 INFO o.a.j.t.JMeterThread: Thread started: setUp Thread Group 1-1
2020-05-04 16:35:48,638 INFO o.a.j.s.FileServer: Stored: SubmissionData.csv
2020-05-04 16:35:49,946 INFO o.a.j.s.FileServer: Stored: SubmissionDataToEvaluate.csv
2020-05-04 16:35:49,979 INFO o.a.j.t.JMeterThread: Thread is done: setUp Thread Group 1-1
2020-05-04 16:35:49,979 INFO o.a.j.t.JMeterThread: Thread finished: setUp Thread Group 1-1
2020-05-04 16:35:49,979 INFO o.a.j.e.StandardJMeterEngine: All Setup Threads have ended
2020-05-04 16:35:50,020 INFO o.a.j.e.StandardJMeterEngine: Starting ThreadGroup: 1 : Thread Group
2020-05-04 16:35:50,021 INFO o.a.j.e.StandardJMeterEngine: Starting 1 threads for group Thread Group.
2020-05-04 16:35:50,021 INFO o.a.j.e.StandardJMeterEngine: Thread will continue on error
2020-05-04 16:35:50,021 INFO o.a.j.t.ThreadGroup: Starting thread group... number=1 threads=1 ramp-up=1 delayedStart=false
2020-05-04 16:35:50,021 INFO o.a.j.t.ThreadGroup: Started thread group number 1
2020-05-04 16:35:50,021 INFO o.a.j.e.StandardJMeterEngine: All thread groups have been started
2020-05-04 16:35:50,022 INFO o.a.j.t.JMeterThread: Thread started: Thread Group 1-1
2020-05-04 16:35:50,569 INFO o.a.j.t.JMeterThread: Thread is done: Thread Group 1-1
2020-05-04 16:35:50,569 INFO o.a.j.t.JMeterThread: Thread finished: Thread Group 1-1
2020-05-04 16:35:50,569 INFO o.a.j.e.StandardJMeterEngine: Starting tearDown thread groups
2020-05-04 16:35:50,570 INFO o.a.j.e.StandardJMeterEngine: Starting tearDown ThreadGroup: 1 : tearDown Thread Group
2020-05-04 16:35:50,570 INFO o.a.j.e.StandardJMeterEngine: Starting 1 threads for group tearDown Thread Group.
2020-05-04 16:35:50,570 INFO o.a.j.e.StandardJMeterEngine: Thread will continue on error
2020-05-04 16:35:50,570 INFO o.a.j.t.ThreadGroup: Starting thread group... number=1 threads=1 ramp-up=1 delayedStart=false
2020-05-04 16:35:50,570 INFO o.a.j.t.ThreadGroup: Started thread group number 1
2020-05-04 16:35:50,571 INFO o.a.j.t.JMeterThread: Thread started: tearDown Thread Group 1-1
2020-05-04 16:35:50,591 INFO o.a.j.t.JMeterThread: Thread is done: tearDown Thread Group 1-1
2020-05-04 16:35:50,591 INFO o.a.j.t.JMeterThread: Thread finished: tearDown Thread Group 1-1
2020-05-04 16:35:50,591 INFO o.a.j.e.StandardJMeterEngine: Notifying test listeners of end of test
2020-05-04 16:35:50,591 INFO o.a.j.s.FileServer: Close: SubmissionData.csv
2020-05-04 16:35:50,592 INFO o.a.j.s.FileServer: Close: SubmissionDataToEvaluate.csv
2020-05-04 16:35:50,593 INFO o.a.j.g.u.JMeterMenuBar: setRunning(false, *local*)
2020-05-04 16:38:45,206 INFO o.a.j.e.StandardJMeterEngine: Running the test!
2020-05-04 16:38:45,209 INFO o.a.j.s.SampleEvent: List of sample_variables: []
2020-05-04 16:38:45,220 ERROR o.a.j.u.BeanShellInterpreter: Error invoking bsh method: eval	In file: inline evaluation of: ``import org.apache.jmeter.services.FileServer fileserver.getFileServer().getBaseD . . . '' Encountered "fileserver" at line 1, column 46.

2020-05-04 16:38:45,221 WARN o.a.j.f.BeanShell: Error running BSH script
org.apache.jorphan.util.JMeterException: Error invoking bsh method: eval	In file: inline evaluation of: ``import org.apache.jmeter.services.FileServer fileserver.getFileServer().getBaseD . . . '' Encountered "fileserver" at line 1, column 46.

	at org.apache.jmeter.util.BeanShellInterpreter.bshInvoke(BeanShellInterpreter.java:180) ~[ApacheJMeter_core.jar:5.2.1]
	at org.apache.jmeter.util.BeanShellInterpreter.eval(BeanShellInterpreter.java:186) ~[ApacheJMeter_core.jar:5.2.1]
	at org.apache.jmeter.functions.BeanShell.execute(BeanShell.java:100) [ApacheJMeter_functions.jar:5.2.1]
	at org.apache.jmeter.engine.util.CompoundVariable.execute(CompoundVariable.java:136) [ApacheJMeter_core.jar:5.2.1]
	at org.apache.jmeter.engine.util.CompoundVariable.execute(CompoundVariable.java:111) [ApacheJMeter_core.jar:5.2.1]
	at org.apache.jmeter.testelement.property.FunctionProperty.getStringValue(FunctionProperty.java:92) [ApacheJMeter_core.jar:5.2.1]
	at org.apache.jmeter.testelement.AbstractTestElement.getPropertyAsString(AbstractTestElement.java:281) [ApacheJMeter_core.jar:5.2.1]
	at org.apache.jmeter.config.Argument.getValue(Argument.java:146) [ApacheJMeter_core.jar:5.2.1]
	at org.apache.jmeter.config.Arguments.getArgumentsAsMap(Arguments.java:94) [ApacheJMeter_core.jar:5.2.1]
	at org.apache.jmeter.engine.PreCompiler.createArgumentsMap(PreCompiler.java:114) [ApacheJMeter_core.jar:5.2.1]
	at org.apache.jmeter.engine.PreCompiler.addNode(PreCompiler.java:101) [ApacheJMeter_core.jar:5.2.1]
	at org.apache.jorphan.collections.HashTree.traverseInto(HashTree.java:994) [jorphan.jar:5.2.1]
	at org.apache.jorphan.collections.HashTree.traverse(HashTree.java:977) [jorphan.jar:5.2.1]
	at org.apache.jmeter.engine.StandardJMeterEngine.run(StandardJMeterEngine.java:362) [ApacheJMeter_core.jar:5.2.1]
	at java.lang.Thread.run(Thread.java:834) [?:?]
Caused by: java.lang.reflect.InvocationTargetException
	at jdk.internal.reflect.NativeMethodAccessorImpl.invoke0(Native Method) ~[?:?]
	at jdk.internal.reflect.NativeMethodAccessorImpl.invoke(NativeMethodAccessorImpl.java:62) ~[?:?]
	at jdk.internal.reflect.DelegatingMethodAccessorImpl.invoke(DelegatingMethodAccessorImpl.java:43) ~[?:?]
	at java.lang.reflect.Method.invoke(Method.java:566) ~[?:?]
	at org.apache.jmeter.util.BeanShellInterpreter.bshInvoke(BeanShellInterpreter.java:163) ~[ApacheJMeter_core.jar:5.2.1]
	... 14 more
Caused by: bsh.ParseException: In file: inline evaluation of: ``import org.apache.jmeter.services.FileServer fileserver.getFileServer().getBaseD . . . '' Encountered "fileserver" at line 1, column 46.

	at bsh.Parser.generateParseException(Parser.java:6106) ~[bsh-2.0b6.jar:2.0b6 2016-02-05 05:16:19]
	at bsh.Parser.jj_consume_token(Parser.java:5977) ~[bsh-2.0b6.jar:2.0b6 2016-02-05 05:16:19]
	at bsh.Parser.ImportDeclaration(Parser.java:480) ~[bsh-2.0b6.jar:2.0b6 2016-02-05 05:16:19]
	at bsh.Parser.BlockStatement(Parser.java:2823) ~[bsh-2.0b6.jar:2.0b6 2016-02-05 05:16:19]
	at bsh.Parser.Line(Parser.java:172) ~[bsh-2.0b6.jar:2.0b6 2016-02-05 05:16:19]
	at bsh.Interpreter.Line(Interpreter.java:1011) ~[bsh-2.0b6.jar:2.0b6 2016-02-05 05:16:19]
	at bsh.Interpreter.eval(Interpreter.java:641) ~[bsh-2.0b6.jar:2.0b6 2016-02-05 05:16:19]
	at bsh.Interpreter.eval(Interpreter.java:750) ~[bsh-2.0b6.jar:2.0b6 2016-02-05 05:16:19]
	at bsh.Interpreter.eval(Interpreter.java:739) ~[bsh-2.0b6.jar:2.0b6 2016-02-05 05:16:19]
	at jdk.internal.reflect.NativeMethodAccessorImpl.invoke0(Native Method) ~[?:?]
	at jdk.internal.reflect.NativeMethodAccessorImpl.invoke(NativeMethodAccessorImpl.java:62) ~[?:?]
	at jdk.internal.reflect.DelegatingMethodAccessorImpl.invoke(DelegatingMethodAccessorImpl.java:43) ~[?:?]
	at java.lang.reflect.Method.invoke(Method.java:566) ~[?:?]
	at org.apache.jmeter.util.BeanShellInterpreter.bshInvoke(BeanShellInterpreter.java:163) ~[ApacheJMeter_core.jar:5.2.1]
	... 14 more
2020-05-04 16:38:45,223 INFO o.a.j.g.u.JMeterMenuBar: setRunning(true, *local*)
2020-05-04 16:38:45,226 INFO o.a.j.e.StandardJMeterEngine: Starting setUp thread groups
2020-05-04 16:38:45,226 INFO o.a.j.e.StandardJMeterEngine: Starting setUp ThreadGroup: 1 : setUp Thread Group 
2020-05-04 16:38:45,227 INFO o.a.j.e.StandardJMeterEngine: Starting 1 threads for group setUp Thread Group.
2020-05-04 16:38:45,227 INFO o.a.j.e.StandardJMeterEngine: Thread will continue on error
2020-05-04 16:38:45,227 INFO o.a.j.t.ThreadGroup: Starting thread group... number=1 threads=1 ramp-up=1 delayedStart=false
2020-05-04 16:38:45,239 INFO o.a.j.t.ThreadGroup: Started thread group number 1
2020-05-04 16:38:45,240 INFO o.a.j.e.StandardJMeterEngine: Waiting for all setup thread groups to exit
2020-05-04 16:38:45,241 INFO o.a.j.t.JMeterThread: Thread started: setUp Thread Group 1-1
2020-05-04 16:38:45,242 INFO o.a.j.s.FileServer: Stored: SubmissionData.csv
2020-05-04 16:38:45,306 INFO o.a.j.s.FileServer: Stored: SubmissionDataToEvaluate.csv
2020-05-04 16:38:45,321 INFO o.a.j.t.JMeterThread: Thread is done: setUp Thread Group 1-1
2020-05-04 16:38:45,322 INFO o.a.j.t.JMeterThread: Thread finished: setUp Thread Group 1-1
2020-05-04 16:38:45,322 INFO o.a.j.e.StandardJMeterEngine: All Setup Threads have ended
2020-05-04 16:38:45,363 INFO o.a.j.e.StandardJMeterEngine: Starting ThreadGroup: 1 : Thread Group
2020-05-04 16:38:45,363 INFO o.a.j.e.StandardJMeterEngine: Starting 1 threads for group Thread Group.
2020-05-04 16:38:45,363 INFO o.a.j.e.StandardJMeterEngine: Thread will continue on error
2020-05-04 16:38:45,363 INFO o.a.j.t.ThreadGroup: Starting thread group... number=1 threads=1 ramp-up=1 delayedStart=false
2020-05-04 16:38:45,364 INFO o.a.j.t.ThreadGroup: Started thread group number 1
2020-05-04 16:38:45,364 INFO o.a.j.e.StandardJMeterEngine: All thread groups have been started
2020-05-04 16:38:45,364 INFO o.a.j.t.JMeterThread: Thread started: Thread Group 1-1
2020-05-04 16:38:45,756 INFO o.a.j.t.JMeterThread: Thread is done: Thread Group 1-1
2020-05-04 16:38:45,756 INFO o.a.j.t.JMeterThread: Thread finished: Thread Group 1-1
2020-05-04 16:38:45,756 INFO o.a.j.e.StandardJMeterEngine: Starting tearDown thread groups
2020-05-04 16:38:45,757 INFO o.a.j.e.StandardJMeterEngine: Starting tearDown ThreadGroup: 1 : tearDown Thread Group
2020-05-04 16:38:45,757 INFO o.a.j.e.StandardJMeterEngine: Starting 1 threads for group tearDown Thread Group.
2020-05-04 16:38:45,757 INFO o.a.j.e.StandardJMeterEngine: Thread will continue on error
2020-05-04 16:38:45,757 INFO o.a.j.t.ThreadGroup: Starting thread group... number=1 threads=1 ramp-up=1 delayedStart=false
2020-05-04 16:38:45,757 INFO o.a.j.t.ThreadGroup: Started thread group number 1
2020-05-04 16:38:45,757 INFO o.a.j.t.JMeterThread: Thread started: tearDown Thread Group 1-1
2020-05-04 16:38:45,774 INFO o.a.j.t.JMeterThread: Thread is done: tearDown Thread Group 1-1
2020-05-04 16:38:45,774 INFO o.a.j.t.JMeterThread: Thread finished: tearDown Thread Group 1-1
2020-05-04 16:38:45,774 INFO o.a.j.e.StandardJMeterEngine: Notifying test listeners of end of test
2020-05-04 16:38:45,774 INFO o.a.j.s.FileServer: Close: SubmissionData.csv
2020-05-04 16:38:45,774 INFO o.a.j.s.FileServer: Close: SubmissionDataToEvaluate.csv
2020-05-04 16:38:45,775 INFO o.a.j.g.u.JMeterMenuBar: setRunning(false, *local*)
2020-05-04 16:39:48,281 INFO o.a.j.e.StandardJMeterEngine: Running the test!
2020-05-04 16:39:48,281 INFO o.a.j.s.SampleEvent: List of sample_variables: []
2020-05-04 16:39:48,288 ERROR o.a.j.u.BeanShellInterpreter: Error invoking bsh method: eval	In file: inline evaluation of: ``import org.apache.jmeter.services.FileServer fileserver.getFileServer().getBaseD . . . '' Encountered "fileserver" at line 1, column 46.

2020-05-04 16:39:48,289 WARN o.a.j.f.BeanShell: Error running BSH script
org.apache.jorphan.util.JMeterException: Error invoking bsh method: eval	In file: inline evaluation of: ``import org.apache.jmeter.services.FileServer fileserver.getFileServer().getBaseD . . . '' Encountered "fileserver" at line 1, column 46.

	at org.apache.jmeter.util.BeanShellInterpreter.bshInvoke(BeanShellInterpreter.java:180) ~[ApacheJMeter_core.jar:5.2.1]
	at org.apache.jmeter.util.BeanShellInterpreter.eval(BeanShellInterpreter.java:186) ~[ApacheJMeter_core.jar:5.2.1]
	at org.apache.jmeter.functions.BeanShell.execute(BeanShell.java:100) [ApacheJMeter_functions.jar:5.2.1]
	at org.apache.jmeter.engine.util.CompoundVariable.execute(CompoundVariable.java:136) [ApacheJMeter_core.jar:5.2.1]
	at org.apache.jmeter.engine.util.CompoundVariable.execute(CompoundVariable.java:111) [ApacheJMeter_core.jar:5.2.1]
	at org.apache.jmeter.testelement.property.FunctionProperty.getStringValue(FunctionProperty.java:92) [ApacheJMeter_core.jar:5.2.1]
	at org.apache.jmeter.testelement.AbstractTestElement.getPropertyAsString(AbstractTestElement.java:281) [ApacheJMeter_core.jar:5.2.1]
	at org.apache.jmeter.config.Argument.getValue(Argument.java:146) [ApacheJMeter_core.jar:5.2.1]
	at org.apache.jmeter.config.Arguments.getArgumentsAsMap(Arguments.java:94) [ApacheJMeter_core.jar:5.2.1]
	at org.apache.jmeter.engine.PreCompiler.createArgumentsMap(PreCompiler.java:114) [ApacheJMeter_core.jar:5.2.1]
	at org.apache.jmeter.engine.PreCompiler.addNode(PreCompiler.java:101) [ApacheJMeter_core.jar:5.2.1]
	at org.apache.jorphan.collections.HashTree.traverseInto(HashTree.java:994) [jorphan.jar:5.2.1]
	at org.apache.jorphan.collections.HashTree.traverse(HashTree.java:977) [jorphan.jar:5.2.1]
	at org.apache.jmeter.engine.StandardJMeterEngine.run(StandardJMeterEngine.java:362) [ApacheJMeter_core.jar:5.2.1]
	at java.lang.Thread.run(Thread.java:834) [?:?]
Caused by: java.lang.reflect.InvocationTargetException
	at jdk.internal.reflect.NativeMethodAccessorImpl.invoke0(Native Method) ~[?:?]
	at jdk.internal.reflect.NativeMethodAccessorImpl.invoke(NativeMethodAccessorImpl.java:62) ~[?:?]
	at jdk.internal.reflect.DelegatingMethodAccessorImpl.invoke(DelegatingMethodAccessorImpl.java:43) ~[?:?]
	at java.lang.reflect.Method.invoke(Method.java:566) ~[?:?]
	at org.apache.jmeter.util.BeanShellInterpreter.bshInvoke(BeanShellInterpreter.java:163) ~[ApacheJMeter_core.jar:5.2.1]
	... 14 more
Caused by: bsh.ParseException: In file: inline evaluation of: ``import org.apache.jmeter.services.FileServer fileserver.getFileServer().getBaseD . . . '' Encountered "fileserver" at line 1, column 46.

	at bsh.Parser.generateParseException(Parser.java:6106) ~[bsh-2.0b6.jar:2.0b6 2016-02-05 05:16:19]
	at bsh.Parser.jj_consume_token(Parser.java:5977) ~[bsh-2.0b6.jar:2.0b6 2016-02-05 05:16:19]
	at bsh.Parser.ImportDeclaration(Parser.java:480) ~[bsh-2.0b6.jar:2.0b6 2016-02-05 05:16:19]
	at bsh.Parser.BlockStatement(Parser.java:2823) ~[bsh-2.0b6.jar:2.0b6 2016-02-05 05:16:19]
	at bsh.Parser.Line(Parser.java:172) ~[bsh-2.0b6.jar:2.0b6 2016-02-05 05:16:19]
	at bsh.Interpreter.Line(Interpreter.java:1011) ~[bsh-2.0b6.jar:2.0b6 2016-02-05 05:16:19]
	at bsh.Interpreter.eval(Interpreter.java:641) ~[bsh-2.0b6.jar:2.0b6 2016-02-05 05:16:19]
	at bsh.Interpreter.eval(Interpreter.java:750) ~[bsh-2.0b6.jar:2.0b6 2016-02-05 05:16:19]
	at bsh.Interpreter.eval(Interpreter.java:739) ~[bsh-2.0b6.jar:2.0b6 2016-02-05 05:16:19]
	at jdk.internal.reflect.NativeMethodAccessorImpl.invoke0(Native Method) ~[?:?]
	at jdk.internal.reflect.NativeMethodAccessorImpl.invoke(NativeMethodAccessorImpl.java:62) ~[?:?]
	at jdk.internal.reflect.DelegatingMethodAccessorImpl.invoke(DelegatingMethodAccessorImpl.java:43) ~[?:?]
	at java.lang.reflect.Method.invoke(Method.java:566) ~[?:?]
	at org.apache.jmeter.util.BeanShellInterpreter.bshInvoke(BeanShellInterpreter.java:163) ~[ApacheJMeter_core.jar:5.2.1]
	... 14 more
2020-05-04 16:39:48,294 INFO o.a.j.g.u.JMeterMenuBar: setRunning(true, *local*)
2020-05-04 16:39:48,296 INFO o.a.j.e.StandardJMeterEngine: Starting setUp thread groups
2020-05-04 16:39:48,296 INFO o.a.j.e.StandardJMeterEngine: Starting setUp ThreadGroup: 1 : setUp Thread Group 
2020-05-04 16:39:48,296 INFO o.a.j.e.StandardJMeterEngine: Starting 1 threads for group setUp Thread Group.
2020-05-04 16:39:48,296 INFO o.a.j.e.StandardJMeterEngine: Thread will continue on error
2020-05-04 16:39:48,297 INFO o.a.j.t.ThreadGroup: Starting thread group... number=1 threads=1 ramp-up=1 delayedStart=false
2020-05-04 16:39:48,309 INFO o.a.j.t.ThreadGroup: Started thread group number 1
2020-05-04 16:39:48,309 INFO o.a.j.e.StandardJMeterEngine: Waiting for all setup thread groups to exit
2020-05-04 16:39:48,310 INFO o.a.j.t.JMeterThread: Thread started: setUp Thread Group 1-1
2020-05-04 16:39:48,310 INFO o.a.j.s.FileServer: Stored: SubmissionData.csv
2020-05-04 16:39:48,376 INFO o.a.j.s.FileServer: Stored: SubmissionDataToEvaluate.csv
2020-05-04 16:39:48,390 INFO o.a.j.t.JMeterThread: Thread is done: setUp Thread Group 1-1
2020-05-04 16:39:48,390 INFO o.a.j.t.JMeterThread: Thread finished: setUp Thread Group 1-1
2020-05-04 16:39:48,390 INFO o.a.j.e.StandardJMeterEngine: All Setup Threads have ended
2020-05-04 16:39:48,435 INFO o.a.j.e.StandardJMeterEngine: Starting ThreadGroup: 1 : Thread Group
2020-05-04 16:39:48,436 INFO o.a.j.e.StandardJMeterEngine: Starting 1 threads for group Thread Group.
2020-05-04 16:39:48,436 INFO o.a.j.e.StandardJMeterEngine: Thread will continue on error
2020-05-04 16:39:48,436 INFO o.a.j.t.ThreadGroup: Starting thread group... number=1 threads=1 ramp-up=1 delayedStart=false
2020-05-04 16:39:48,437 INFO o.a.j.t.ThreadGroup: Started thread group number 1
2020-05-04 16:39:48,437 INFO o.a.j.e.StandardJMeterEngine: All thread groups have been started
2020-05-04 16:39:48,437 INFO o.a.j.t.JMeterThread: Thread started: Thread Group 1-1
2020-05-04 16:39:48,819 INFO o.a.j.t.JMeterThread: Thread is done: Thread Group 1-1
2020-05-04 16:39:48,820 INFO o.a.j.t.JMeterThread: Thread finished: Thread Group 1-1
2020-05-04 16:39:48,820 INFO o.a.j.e.StandardJMeterEngine: Starting tearDown thread groups
2020-05-04 16:39:48,820 INFO o.a.j.e.StandardJMeterEngine: Starting tearDown ThreadGroup: 1 : tearDown Thread Group
2020-05-04 16:39:48,820 INFO o.a.j.e.StandardJMeterEngine: Starting 1 threads for group tearDown Thread Group.
2020-05-04 16:39:48,820 INFO o.a.j.e.StandardJMeterEngine: Thread will continue on error
2020-05-04 16:39:48,820 INFO o.a.j.t.ThreadGroup: Starting thread group... number=1 threads=1 ramp-up=1 delayedStart=false
2020-05-04 16:39:48,821 INFO o.a.j.t.ThreadGroup: Started thread group number 1
2020-05-04 16:39:48,823 INFO o.a.j.t.JMeterThread: Thread started: tearDown Thread Group 1-1
2020-05-04 16:39:48,867 INFO o.a.j.t.JMeterThread: Thread is done: tearDown Thread Group 1-1
2020-05-04 16:39:48,867 INFO o.a.j.t.JMeterThread: Thread finished: tearDown Thread Group 1-1
2020-05-04 16:39:48,867 INFO o.a.j.e.StandardJMeterEngine: Notifying test listeners of end of test
2020-05-04 16:39:48,867 INFO o.a.j.s.FileServer: Close: SubmissionData.csv
2020-05-04 16:39:48,868 INFO o.a.j.s.FileServer: Close: SubmissionDataToEvaluate.csv
2020-05-04 16:39:48,868 INFO o.a.j.g.u.JMeterMenuBar: setRunning(false, *local*)
2020-05-04 16:40:20,289 INFO o.a.j.e.StandardJMeterEngine: Running the test!
2020-05-04 16:40:20,290 INFO o.a.j.s.SampleEvent: List of sample_variables: []
2020-05-04 16:40:20,299 ERROR o.a.j.u.BeanShellInterpreter: Error invoking bsh method: eval	In file: inline evaluation of: ``import org.apache.jmeter.services.FileServer fileserver.getFileServer().getBaseD . . . '' Encountered "fileserver" at line 1, column 46.

2020-05-04 16:40:20,299 WARN o.a.j.f.BeanShell: Error running BSH script
org.apache.jorphan.util.JMeterException: Error invoking bsh method: eval	In file: inline evaluation of: ``import org.apache.jmeter.services.FileServer fileserver.getFileServer().getBaseD . . . '' Encountered "fileserver" at line 1, column 46.

	at org.apache.jmeter.util.BeanShellInterpreter.bshInvoke(BeanShellInterpreter.java:180) ~[ApacheJMeter_core.jar:5.2.1]
	at org.apache.jmeter.util.BeanShellInterpreter.eval(BeanShellInterpreter.java:186) ~[ApacheJMeter_core.jar:5.2.1]
	at org.apache.jmeter.functions.BeanShell.execute(BeanShell.java:100) [ApacheJMeter_functions.jar:5.2.1]
	at org.apache.jmeter.engine.util.CompoundVariable.execute(CompoundVariable.java:136) [ApacheJMeter_core.jar:5.2.1]
	at org.apache.jmeter.engine.util.CompoundVariable.execute(CompoundVariable.java:111) [ApacheJMeter_core.jar:5.2.1]
	at org.apache.jmeter.testelement.property.FunctionProperty.getStringValue(FunctionProperty.java:92) [ApacheJMeter_core.jar:5.2.1]
	at org.apache.jmeter.testelement.AbstractTestElement.getPropertyAsString(AbstractTestElement.java:281) [ApacheJMeter_core.jar:5.2.1]
	at org.apache.jmeter.config.Argument.getValue(Argument.java:146) [ApacheJMeter_core.jar:5.2.1]
	at org.apache.jmeter.config.Arguments.getArgumentsAsMap(Arguments.java:94) [ApacheJMeter_core.jar:5.2.1]
	at org.apache.jmeter.engine.PreCompiler.createArgumentsMap(PreCompiler.java:114) [ApacheJMeter_core.jar:5.2.1]
	at org.apache.jmeter.engine.PreCompiler.addNode(PreCompiler.java:101) [ApacheJMeter_core.jar:5.2.1]
	at org.apache.jorphan.collections.HashTree.traverseInto(HashTree.java:994) [jorphan.jar:5.2.1]
	at org.apache.jorphan.collections.HashTree.traverse(HashTree.java:977) [jorphan.jar:5.2.1]
	at org.apache.jmeter.engine.StandardJMeterEngine.run(StandardJMeterEngine.java:362) [ApacheJMeter_core.jar:5.2.1]
	at java.lang.Thread.run(Thread.java:834) [?:?]
Caused by: java.lang.reflect.InvocationTargetException
	at jdk.internal.reflect.NativeMethodAccessorImpl.invoke0(Native Method) ~[?:?]
	at jdk.internal.reflect.NativeMethodAccessorImpl.invoke(NativeMethodAccessorImpl.java:62) ~[?:?]
	at jdk.internal.reflect.DelegatingMethodAccessorImpl.invoke(DelegatingMethodAccessorImpl.java:43) ~[?:?]
	at java.lang.reflect.Method.invoke(Method.java:566) ~[?:?]
	at org.apache.jmeter.util.BeanShellInterpreter.bshInvoke(BeanShellInterpreter.java:163) ~[ApacheJMeter_core.jar:5.2.1]
	... 14 more
Caused by: bsh.ParseException: In file: inline evaluation of: ``import org.apache.jmeter.services.FileServer fileserver.getFileServer().getBaseD . . . '' Encountered "fileserver" at line 1, column 46.

	at bsh.Parser.generateParseException(Parser.java:6106) ~[bsh-2.0b6.jar:2.0b6 2016-02-05 05:16:19]
	at bsh.Parser.jj_consume_token(Parser.java:5977) ~[bsh-2.0b6.jar:2.0b6 2016-02-05 05:16:19]
	at bsh.Parser.ImportDeclaration(Parser.java:480) ~[bsh-2.0b6.jar:2.0b6 2016-02-05 05:16:19]
	at bsh.Parser.BlockStatement(Parser.java:2823) ~[bsh-2.0b6.jar:2.0b6 2016-02-05 05:16:19]
	at bsh.Parser.Line(Parser.java:172) ~[bsh-2.0b6.jar:2.0b6 2016-02-05 05:16:19]
	at bsh.Interpreter.Line(Interpreter.java:1011) ~[bsh-2.0b6.jar:2.0b6 2016-02-05 05:16:19]
	at bsh.Interpreter.eval(Interpreter.java:641) ~[bsh-2.0b6.jar:2.0b6 2016-02-05 05:16:19]
	at bsh.Interpreter.eval(Interpreter.java:750) ~[bsh-2.0b6.jar:2.0b6 2016-02-05 05:16:19]
	at bsh.Interpreter.eval(Interpreter.java:739) ~[bsh-2.0b6.jar:2.0b6 2016-02-05 05:16:19]
	at jdk.internal.reflect.NativeMethodAccessorImpl.invoke0(Native Method) ~[?:?]
	at jdk.internal.reflect.NativeMethodAccessorImpl.invoke(NativeMethodAccessorImpl.java:62) ~[?:?]
	at jdk.internal.reflect.DelegatingMethodAccessorImpl.invoke(DelegatingMethodAccessorImpl.java:43) ~[?:?]
	at java.lang.reflect.Method.invoke(Method.java:566) ~[?:?]
	at org.apache.jmeter.util.BeanShellInterpreter.bshInvoke(BeanShellInterpreter.java:163) ~[ApacheJMeter_core.jar:5.2.1]
	... 14 more
2020-05-04 16:40:20,303 INFO o.a.j.g.u.JMeterMenuBar: setRunning(true, *local*)
2020-05-04 16:40:20,305 INFO o.a.j.e.StandardJMeterEngine: Starting setUp thread groups
2020-05-04 16:40:20,305 INFO o.a.j.e.StandardJMeterEngine: Starting setUp ThreadGroup: 1 : setUp Thread Group 
2020-05-04 16:40:20,306 INFO o.a.j.e.StandardJMeterEngine: Starting 1 threads for group setUp Thread Group.
2020-05-04 16:40:20,306 INFO o.a.j.e.StandardJMeterEngine: Thread will continue on error
2020-05-04 16:40:20,306 INFO o.a.j.t.ThreadGroup: Starting thread group... number=1 threads=1 ramp-up=1 delayedStart=false
2020-05-04 16:40:20,316 INFO o.a.j.t.ThreadGroup: Started thread group number 1
2020-05-04 16:40:20,316 INFO o.a.j.e.StandardJMeterEngine: Waiting for all setup thread groups to exit
2020-05-04 16:40:20,316 INFO o.a.j.t.JMeterThread: Thread started: setUp Thread Group 1-1
2020-05-04 16:40:20,317 INFO o.a.j.s.FileServer: Stored: SubmissionData.csv
2020-05-04 16:40:20,373 INFO o.a.j.s.FileServer: Stored: SubmissionDataToEvaluate.csv
2020-05-04 16:40:20,384 INFO o.a.j.t.JMeterThread: Thread is done: setUp Thread Group 1-1
2020-05-04 16:40:20,384 INFO o.a.j.t.JMeterThread: Thread finished: setUp Thread Group 1-1
2020-05-04 16:40:20,384 INFO o.a.j.e.StandardJMeterEngine: All Setup Threads have ended
2020-05-04 16:40:20,424 INFO o.a.j.e.StandardJMeterEngine: Starting ThreadGroup: 1 : Thread Group
2020-05-04 16:40:20,424 INFO o.a.j.e.StandardJMeterEngine: Starting 1 threads for group Thread Group.
2020-05-04 16:40:20,425 INFO o.a.j.e.StandardJMeterEngine: Thread will continue on error
2020-05-04 16:40:20,425 INFO o.a.j.t.ThreadGroup: Starting thread group... number=1 threads=1 ramp-up=1 delayedStart=false
2020-05-04 16:40:20,425 INFO o.a.j.t.ThreadGroup: Started thread group number 1
2020-05-04 16:40:20,425 INFO o.a.j.e.StandardJMeterEngine: All thread groups have been started
2020-05-04 16:40:20,425 INFO o.a.j.t.JMeterThread: Thread started: Thread Group 1-1
2020-05-04 16:40:20,801 INFO o.a.j.t.JMeterThread: Thread is done: Thread Group 1-1
2020-05-04 16:40:20,801 INFO o.a.j.t.JMeterThread: Thread finished: Thread Group 1-1
2020-05-04 16:40:20,802 INFO o.a.j.e.StandardJMeterEngine: Starting tearDown thread groups
2020-05-04 16:40:20,802 INFO o.a.j.e.StandardJMeterEngine: Starting tearDown ThreadGroup: 1 : tearDown Thread Group
2020-05-04 16:40:20,802 INFO o.a.j.e.StandardJMeterEngine: Starting 1 threads for group tearDown Thread Group.
2020-05-04 16:40:20,802 INFO o.a.j.e.StandardJMeterEngine: Thread will continue on error
2020-05-04 16:40:20,802 INFO o.a.j.t.ThreadGroup: Starting thread group... number=1 threads=1 ramp-up=1 delayedStart=false
2020-05-04 16:40:20,803 INFO o.a.j.t.ThreadGroup: Started thread group number 1
2020-05-04 16:40:20,803 INFO o.a.j.t.JMeterThread: Thread started: tearDown Thread Group 1-1
2020-05-04 16:40:20,822 INFO o.a.j.t.JMeterThread: Thread is done: tearDown Thread Group 1-1
2020-05-04 16:40:20,822 INFO o.a.j.t.JMeterThread: Thread finished: tearDown Thread Group 1-1
2020-05-04 16:40:20,823 INFO o.a.j.e.StandardJMeterEngine: Notifying test listeners of end of test
2020-05-04 16:40:20,823 INFO o.a.j.s.FileServer: Close: SubmissionData.csv
2020-05-04 16:40:20,823 INFO o.a.j.s.FileServer: Close: SubmissionDataToEvaluate.csv
2020-05-04 16:40:20,824 INFO o.a.j.g.u.JMeterMenuBar: setRunning(false, *local*)
2020-05-04 16:40:29,795 INFO o.a.j.e.StandardJMeterEngine: Running the test!
2020-05-04 16:40:29,795 INFO o.a.j.s.SampleEvent: List of sample_variables: []
2020-05-04 16:40:29,802 ERROR o.a.j.u.BeanShellInterpreter: Error invoking bsh method: eval	In file: inline evaluation of: ``import org.apache.jmeter.services.FileServer fileserver.getFileServer().getBaseD . . . '' Encountered "fileserver" at line 1, column 46.

2020-05-04 16:40:29,802 WARN o.a.j.f.BeanShell: Error running BSH script
org.apache.jorphan.util.JMeterException: Error invoking bsh method: eval	In file: inline evaluation of: ``import org.apache.jmeter.services.FileServer fileserver.getFileServer().getBaseD . . . '' Encountered "fileserver" at line 1, column 46.

	at org.apache.jmeter.util.BeanShellInterpreter.bshInvoke(BeanShellInterpreter.java:180) ~[ApacheJMeter_core.jar:5.2.1]
	at org.apache.jmeter.util.BeanShellInterpreter.eval(BeanShellInterpreter.java:186) ~[ApacheJMeter_core.jar:5.2.1]
	at org.apache.jmeter.functions.BeanShell.execute(BeanShell.java:100) [ApacheJMeter_functions.jar:5.2.1]
	at org.apache.jmeter.engine.util.CompoundVariable.execute(CompoundVariable.java:136) [ApacheJMeter_core.jar:5.2.1]
	at org.apache.jmeter.engine.util.CompoundVariable.execute(CompoundVariable.java:111) [ApacheJMeter_core.jar:5.2.1]
	at org.apache.jmeter.testelement.property.FunctionProperty.getStringValue(FunctionProperty.java:92) [ApacheJMeter_core.jar:5.2.1]
	at org.apache.jmeter.testelement.AbstractTestElement.getPropertyAsString(AbstractTestElement.java:281) [ApacheJMeter_core.jar:5.2.1]
	at org.apache.jmeter.config.Argument.getValue(Argument.java:146) [ApacheJMeter_core.jar:5.2.1]
	at org.apache.jmeter.config.Arguments.getArgumentsAsMap(Arguments.java:94) [ApacheJMeter_core.jar:5.2.1]
	at org.apache.jmeter.engine.PreCompiler.createArgumentsMap(PreCompiler.java:114) [ApacheJMeter_core.jar:5.2.1]
	at org.apache.jmeter.engine.PreCompiler.addNode(PreCompiler.java:101) [ApacheJMeter_core.jar:5.2.1]
	at org.apache.jorphan.collections.HashTree.traverseInto(HashTree.java:994) [jorphan.jar:5.2.1]
	at org.apache.jorphan.collections.HashTree.traverse(HashTree.java:977) [jorphan.jar:5.2.1]
	at org.apache.jmeter.engine.StandardJMeterEngine.run(StandardJMeterEngine.java:362) [ApacheJMeter_core.jar:5.2.1]
	at java.lang.Thread.run(Thread.java:834) [?:?]
Caused by: java.lang.reflect.InvocationTargetException
	at jdk.internal.reflect.NativeMethodAccessorImpl.invoke0(Native Method) ~[?:?]
	at jdk.internal.reflect.NativeMethodAccessorImpl.invoke(NativeMethodAccessorImpl.java:62) ~[?:?]
	at jdk.internal.reflect.DelegatingMethodAccessorImpl.invoke(DelegatingMethodAccessorImpl.java:43) ~[?:?]
	at java.lang.reflect.Method.invoke(Method.java:566) ~[?:?]
	at org.apache.jmeter.util.BeanShellInterpreter.bshInvoke(BeanShellInterpreter.java:163) ~[ApacheJMeter_core.jar:5.2.1]
	... 14 more
Caused by: bsh.ParseException: In file: inline evaluation of: ``import org.apache.jmeter.services.FileServer fileserver.getFileServer().getBaseD . . . '' Encountered "fileserver" at line 1, column 46.

	at bsh.Parser.generateParseException(Parser.java:6106) ~[bsh-2.0b6.jar:2.0b6 2016-02-05 05:16:19]
	at bsh.Parser.jj_consume_token(Parser.java:5977) ~[bsh-2.0b6.jar:2.0b6 2016-02-05 05:16:19]
	at bsh.Parser.ImportDeclaration(Parser.java:480) ~[bsh-2.0b6.jar:2.0b6 2016-02-05 05:16:19]
	at bsh.Parser.BlockStatement(Parser.java:2823) ~[bsh-2.0b6.jar:2.0b6 2016-02-05 05:16:19]
	at bsh.Parser.Line(Parser.java:172) ~[bsh-2.0b6.jar:2.0b6 2016-02-05 05:16:19]
	at bsh.Interpreter.Line(Interpreter.java:1011) ~[bsh-2.0b6.jar:2.0b6 2016-02-05 05:16:19]
	at bsh.Interpreter.eval(Interpreter.java:641) ~[bsh-2.0b6.jar:2.0b6 2016-02-05 05:16:19]
	at bsh.Interpreter.eval(Interpreter.java:750) ~[bsh-2.0b6.jar:2.0b6 2016-02-05 05:16:19]
	at bsh.Interpreter.eval(Interpreter.java:739) ~[bsh-2.0b6.jar:2.0b6 2016-02-05 05:16:19]
	at jdk.internal.reflect.NativeMethodAccessorImpl.invoke0(Native Method) ~[?:?]
	at jdk.internal.reflect.NativeMethodAccessorImpl.invoke(NativeMethodAccessorImpl.java:62) ~[?:?]
	at jdk.internal.reflect.DelegatingMethodAccessorImpl.invoke(DelegatingMethodAccessorImpl.java:43) ~[?:?]
	at java.lang.reflect.Method.invoke(Method.java:566) ~[?:?]
	at org.apache.jmeter.util.BeanShellInterpreter.bshInvoke(BeanShellInterpreter.java:163) ~[ApacheJMeter_core.jar:5.2.1]
	... 14 more
2020-05-04 16:40:29,806 INFO o.a.j.g.u.JMeterMenuBar: setRunning(true, *local*)
2020-05-04 16:40:29,807 INFO o.a.j.e.StandardJMeterEngine: Starting setUp thread groups
2020-05-04 16:40:29,807 INFO o.a.j.e.StandardJMeterEngine: Starting setUp ThreadGroup: 1 : setUp Thread Group 
2020-05-04 16:40:29,807 INFO o.a.j.e.StandardJMeterEngine: Starting 1 threads for group setUp Thread Group.
2020-05-04 16:40:29,807 INFO o.a.j.e.StandardJMeterEngine: Thread will continue on error
2020-05-04 16:40:29,807 INFO o.a.j.t.ThreadGroup: Starting thread group... number=1 threads=1 ramp-up=1 delayedStart=false
2020-05-04 16:40:29,811 INFO o.a.j.t.ThreadGroup: Started thread group number 1
2020-05-04 16:40:29,811 INFO o.a.j.e.StandardJMeterEngine: Waiting for all setup thread groups to exit
2020-05-04 16:40:29,811 INFO o.a.j.t.JMeterThread: Thread started: setUp Thread Group 1-1
2020-05-04 16:40:29,811 INFO o.a.j.s.FileServer: Stored: SubmissionData.csv
2020-05-04 16:40:29,903 INFO o.a.j.s.FileServer: Stored: SubmissionDataToEvaluate.csv
2020-05-04 16:40:29,914 INFO o.a.j.t.JMeterThread: Thread is done: setUp Thread Group 1-1
2020-05-04 16:40:29,914 INFO o.a.j.t.JMeterThread: Thread finished: setUp Thread Group 1-1
2020-05-04 16:40:29,914 INFO o.a.j.e.StandardJMeterEngine: All Setup Threads have ended
2020-05-04 16:40:29,958 INFO o.a.j.e.StandardJMeterEngine: Starting ThreadGroup: 1 : Thread Group
2020-05-04 16:40:29,958 INFO o.a.j.e.StandardJMeterEngine: Starting 1 threads for group Thread Group.
2020-05-04 16:40:29,958 INFO o.a.j.e.StandardJMeterEngine: Thread will continue on error
2020-05-04 16:40:29,958 INFO o.a.j.t.ThreadGroup: Starting thread group... number=1 threads=1 ramp-up=1 delayedStart=false
2020-05-04 16:40:29,959 INFO o.a.j.t.ThreadGroup: Started thread group number 1
2020-05-04 16:40:29,959 INFO o.a.j.e.StandardJMeterEngine: All thread groups have been started
2020-05-04 16:40:29,959 INFO o.a.j.t.JMeterThread: Thread started: Thread Group 1-1
2020-05-04 16:40:30,354 INFO o.a.j.t.JMeterThread: Thread is done: Thread Group 1-1
2020-05-04 16:40:30,354 INFO o.a.j.t.JMeterThread: Thread finished: Thread Group 1-1
2020-05-04 16:40:30,354 INFO o.a.j.e.StandardJMeterEngine: Starting tearDown thread groups
2020-05-04 16:40:30,354 INFO o.a.j.e.StandardJMeterEngine: Starting tearDown ThreadGroup: 1 : tearDown Thread Group
2020-05-04 16:40:30,354 INFO o.a.j.e.StandardJMeterEngine: Starting 1 threads for group tearDown Thread Group.
2020-05-04 16:40:30,354 INFO o.a.j.e.StandardJMeterEngine: Thread will continue on error
2020-05-04 16:40:30,355 INFO o.a.j.t.ThreadGroup: Starting thread group... number=1 threads=1 ramp-up=1 delayedStart=false
2020-05-04 16:40:30,355 INFO o.a.j.t.ThreadGroup: Started thread group number 1
2020-05-04 16:40:30,355 INFO o.a.j.t.JMeterThread: Thread started: tearDown Thread Group 1-1
2020-05-04 16:40:30,390 INFO o.a.j.t.JMeterThread: Thread is done: tearDown Thread Group 1-1
2020-05-04 16:40:30,390 INFO o.a.j.t.JMeterThread: Thread finished: tearDown Thread Group 1-1
2020-05-04 16:40:30,390 INFO o.a.j.e.StandardJMeterEngine: Notifying test listeners of end of test
2020-05-04 16:40:30,391 INFO o.a.j.s.FileServer: Close: SubmissionData.csv
2020-05-04 16:40:30,391 INFO o.a.j.s.FileServer: Close: SubmissionDataToEvaluate.csv
2020-05-04 16:40:30,391 INFO o.a.j.g.u.JMeterMenuBar: setRunning(false, *local*)
2020-05-04 16:41:54,608 INFO o.a.j.e.StandardJMeterEngine: Running the test!
2020-05-04 16:41:54,608 INFO o.a.j.s.SampleEvent: List of sample_variables: []
2020-05-04 16:41:54,617 ERROR o.a.j.u.BeanShellInterpreter: Error invoking bsh method: eval	In file: inline evaluation of: ``import org.apache.jmeter.services.FileServer fileserver.getFileServer().getBaseD . . . '' Encountered "fileserver" at line 1, column 46.

2020-05-04 16:41:54,617 WARN o.a.j.f.BeanShell: Error running BSH script
org.apache.jorphan.util.JMeterException: Error invoking bsh method: eval	In file: inline evaluation of: ``import org.apache.jmeter.services.FileServer fileserver.getFileServer().getBaseD . . . '' Encountered "fileserver" at line 1, column 46.

	at org.apache.jmeter.util.BeanShellInterpreter.bshInvoke(BeanShellInterpreter.java:180) ~[ApacheJMeter_core.jar:5.2.1]
	at org.apache.jmeter.util.BeanShellInterpreter.eval(BeanShellInterpreter.java:186) ~[ApacheJMeter_core.jar:5.2.1]
	at org.apache.jmeter.functions.BeanShell.execute(BeanShell.java:100) [ApacheJMeter_functions.jar:5.2.1]
	at org.apache.jmeter.engine.util.CompoundVariable.execute(CompoundVariable.java:136) [ApacheJMeter_core.jar:5.2.1]
	at org.apache.jmeter.engine.util.CompoundVariable.execute(CompoundVariable.java:111) [ApacheJMeter_core.jar:5.2.1]
	at org.apache.jmeter.testelement.property.FunctionProperty.getStringValue(FunctionProperty.java:92) [ApacheJMeter_core.jar:5.2.1]
	at org.apache.jmeter.testelement.AbstractTestElement.getPropertyAsString(AbstractTestElement.java:281) [ApacheJMeter_core.jar:5.2.1]
	at org.apache.jmeter.config.Argument.getValue(Argument.java:146) [ApacheJMeter_core.jar:5.2.1]
	at org.apache.jmeter.config.Arguments.getArgumentsAsMap(Arguments.java:94) [ApacheJMeter_core.jar:5.2.1]
	at org.apache.jmeter.engine.PreCompiler.createArgumentsMap(PreCompiler.java:114) [ApacheJMeter_core.jar:5.2.1]
	at org.apache.jmeter.engine.PreCompiler.addNode(PreCompiler.java:101) [ApacheJMeter_core.jar:5.2.1]
	at org.apache.jorphan.collections.HashTree.traverseInto(HashTree.java:994) [jorphan.jar:5.2.1]
	at org.apache.jorphan.collections.HashTree.traverse(HashTree.java:977) [jorphan.jar:5.2.1]
	at org.apache.jmeter.engine.StandardJMeterEngine.run(StandardJMeterEngine.java:362) [ApacheJMeter_core.jar:5.2.1]
	at java.lang.Thread.run(Thread.java:834) [?:?]
Caused by: java.lang.reflect.InvocationTargetException
	at jdk.internal.reflect.NativeMethodAccessorImpl.invoke0(Native Method) ~[?:?]
	at jdk.internal.reflect.NativeMethodAccessorImpl.invoke(NativeMethodAccessorImpl.java:62) ~[?:?]
	at jdk.internal.reflect.DelegatingMethodAccessorImpl.invoke(DelegatingMethodAccessorImpl.java:43) ~[?:?]
	at java.lang.reflect.Method.invoke(Method.java:566) ~[?:?]
	at org.apache.jmeter.util.BeanShellInterpreter.bshInvoke(BeanShellInterpreter.java:163) ~[ApacheJMeter_core.jar:5.2.1]
	... 14 more
Caused by: bsh.ParseException: In file: inline evaluation of: ``import org.apache.jmeter.services.FileServer fileserver.getFileServer().getBaseD . . . '' Encountered "fileserver" at line 1, column 46.

	at bsh.Parser.generateParseException(Parser.java:6106) ~[bsh-2.0b6.jar:2.0b6 2016-02-05 05:16:19]
	at bsh.Parser.jj_consume_token(Parser.java:5977) ~[bsh-2.0b6.jar:2.0b6 2016-02-05 05:16:19]
	at bsh.Parser.ImportDeclaration(Parser.java:480) ~[bsh-2.0b6.jar:2.0b6 2016-02-05 05:16:19]
	at bsh.Parser.BlockStatement(Parser.java:2823) ~[bsh-2.0b6.jar:2.0b6 2016-02-05 05:16:19]
	at bsh.Parser.Line(Parser.java:172) ~[bsh-2.0b6.jar:2.0b6 2016-02-05 05:16:19]
	at bsh.Interpreter.Line(Interpreter.java:1011) ~[bsh-2.0b6.jar:2.0b6 2016-02-05 05:16:19]
	at bsh.Interpreter.eval(Interpreter.java:641) ~[bsh-2.0b6.jar:2.0b6 2016-02-05 05:16:19]
	at bsh.Interpreter.eval(Interpreter.java:750) ~[bsh-2.0b6.jar:2.0b6 2016-02-05 05:16:19]
	at bsh.Interpreter.eval(Interpreter.java:739) ~[bsh-2.0b6.jar:2.0b6 2016-02-05 05:16:19]
	at jdk.internal.reflect.NativeMethodAccessorImpl.invoke0(Native Method) ~[?:?]
	at jdk.internal.reflect.NativeMethodAccessorImpl.invoke(NativeMethodAccessorImpl.java:62) ~[?:?]
	at jdk.internal.reflect.DelegatingMethodAccessorImpl.invoke(DelegatingMethodAccessorImpl.java:43) ~[?:?]
	at java.lang.reflect.Method.invoke(Method.java:566) ~[?:?]
	at org.apache.jmeter.util.BeanShellInterpreter.bshInvoke(BeanShellInterpreter.java:163) ~[ApacheJMeter_core.jar:5.2.1]
	... 14 more
2020-05-04 16:41:54,619 INFO o.a.j.g.u.JMeterMenuBar: setRunning(true, *local*)
2020-05-04 16:41:54,619 INFO o.a.j.e.StandardJMeterEngine: Starting setUp thread groups
2020-05-04 16:41:54,619 INFO o.a.j.e.StandardJMeterEngine: Starting setUp ThreadGroup: 1 : setUp Thread Group 
2020-05-04 16:41:54,619 INFO o.a.j.e.StandardJMeterEngine: Starting 1 threads for group setUp Thread Group.
2020-05-04 16:41:54,619 INFO o.a.j.e.StandardJMeterEngine: Thread will continue on error
2020-05-04 16:41:54,619 INFO o.a.j.t.ThreadGroup: Starting thread group... number=1 threads=1 ramp-up=1 delayedStart=false
2020-05-04 16:41:54,626 INFO o.a.j.t.ThreadGroup: Started thread group number 1
2020-05-04 16:41:54,626 INFO o.a.j.e.StandardJMeterEngine: Waiting for all setup thread groups to exit
2020-05-04 16:41:54,627 INFO o.a.j.t.JMeterThread: Thread started: setUp Thread Group 1-1
2020-05-04 16:41:54,628 INFO o.a.j.s.FileServer: Stored: SubmissionData.csv
2020-05-04 16:41:54,718 INFO o.a.j.s.FileServer: Stored: SubmissionDataToEvaluate.csv
2020-05-04 16:41:54,730 INFO o.a.j.t.JMeterThread: Thread is done: setUp Thread Group 1-1
2020-05-04 16:41:54,730 INFO o.a.j.t.JMeterThread: Thread finished: setUp Thread Group 1-1
2020-05-04 16:41:54,730 INFO o.a.j.e.StandardJMeterEngine: All Setup Threads have ended
2020-05-04 16:41:54,774 INFO o.a.j.e.StandardJMeterEngine: Starting ThreadGroup: 1 : Thread Group
2020-05-04 16:41:54,774 INFO o.a.j.e.StandardJMeterEngine: Starting 1 threads for group Thread Group.
2020-05-04 16:41:54,774 INFO o.a.j.e.StandardJMeterEngine: Thread will continue on error
2020-05-04 16:41:54,774 INFO o.a.j.t.ThreadGroup: Starting thread group... number=1 threads=1 ramp-up=1 delayedStart=false
2020-05-04 16:41:54,775 INFO o.a.j.t.ThreadGroup: Started thread group number 1
2020-05-04 16:41:54,775 INFO o.a.j.e.StandardJMeterEngine: All thread groups have been started
2020-05-04 16:41:54,775 INFO o.a.j.t.JMeterThread: Thread started: Thread Group 1-1
2020-05-04 16:41:55,142 INFO o.a.j.t.JMeterThread: Thread is done: Thread Group 1-1
2020-05-04 16:41:55,142 INFO o.a.j.t.JMeterThread: Thread finished: Thread Group 1-1
2020-05-04 16:41:55,142 INFO o.a.j.e.StandardJMeterEngine: Starting tearDown thread groups
2020-05-04 16:41:55,142 INFO o.a.j.e.StandardJMeterEngine: Starting tearDown ThreadGroup: 1 : tearDown Thread Group
2020-05-04 16:41:55,142 INFO o.a.j.e.StandardJMeterEngine: Starting 1 threads for group tearDown Thread Group.
2020-05-04 16:41:55,143 INFO o.a.j.e.StandardJMeterEngine: Thread will continue on error
2020-05-04 16:41:55,143 INFO o.a.j.t.ThreadGroup: Starting thread group... number=1 threads=1 ramp-up=1 delayedStart=false
2020-05-04 16:41:55,143 INFO o.a.j.t.ThreadGroup: Started thread group number 1
2020-05-04 16:41:55,143 INFO o.a.j.t.JMeterThread: Thread started: tearDown Thread Group 1-1
2020-05-04 16:41:55,160 INFO o.a.j.t.JMeterThread: Thread is done: tearDown Thread Group 1-1
2020-05-04 16:41:55,160 INFO o.a.j.t.JMeterThread: Thread finished: tearDown Thread Group 1-1
2020-05-04 16:41:55,160 INFO o.a.j.e.StandardJMeterEngine: Notifying test listeners of end of test
2020-05-04 16:41:55,160 INFO o.a.j.s.FileServer: Close: SubmissionData.csv
2020-05-04 16:41:55,161 INFO o.a.j.s.FileServer: Close: SubmissionDataToEvaluate.csv
2020-05-04 16:41:55,162 INFO o.a.j.g.u.JMeterMenuBar: setRunning(false, *local*)
2020-05-04 16:44:12,948 INFO o.a.j.e.StandardJMeterEngine: Running the test!
2020-05-04 16:44:12,949 INFO o.a.j.s.SampleEvent: List of sample_variables: []
2020-05-04 16:44:12,957 ERROR o.a.j.u.BeanShellInterpreter: Error invoking bsh method: eval	In file: inline evaluation of: ``import org.apache.jmeter.services.FileServer fileserver.getFileServer().getBaseD . . . '' Encountered "fileserver" at line 1, column 46.

2020-05-04 16:44:12,958 WARN o.a.j.f.BeanShell: Error running BSH script
org.apache.jorphan.util.JMeterException: Error invoking bsh method: eval	In file: inline evaluation of: ``import org.apache.jmeter.services.FileServer fileserver.getFileServer().getBaseD . . . '' Encountered "fileserver" at line 1, column 46.

	at org.apache.jmeter.util.BeanShellInterpreter.bshInvoke(BeanShellInterpreter.java:180) ~[ApacheJMeter_core.jar:5.2.1]
	at org.apache.jmeter.util.BeanShellInterpreter.eval(BeanShellInterpreter.java:186) ~[ApacheJMeter_core.jar:5.2.1]
	at org.apache.jmeter.functions.BeanShell.execute(BeanShell.java:100) [ApacheJMeter_functions.jar:5.2.1]
	at org.apache.jmeter.engine.util.CompoundVariable.execute(CompoundVariable.java:136) [ApacheJMeter_core.jar:5.2.1]
	at org.apache.jmeter.engine.util.CompoundVariable.execute(CompoundVariable.java:111) [ApacheJMeter_core.jar:5.2.1]
	at org.apache.jmeter.testelement.property.FunctionProperty.getStringValue(FunctionProperty.java:92) [ApacheJMeter_core.jar:5.2.1]
	at org.apache.jmeter.testelement.AbstractTestElement.getPropertyAsString(AbstractTestElement.java:281) [ApacheJMeter_core.jar:5.2.1]
	at org.apache.jmeter.config.Argument.getValue(Argument.java:146) [ApacheJMeter_core.jar:5.2.1]
	at org.apache.jmeter.config.Arguments.getArgumentsAsMap(Arguments.java:94) [ApacheJMeter_core.jar:5.2.1]
	at org.apache.jmeter.engine.PreCompiler.createArgumentsMap(PreCompiler.java:114) [ApacheJMeter_core.jar:5.2.1]
	at org.apache.jmeter.engine.PreCompiler.addNode(PreCompiler.java:101) [ApacheJMeter_core.jar:5.2.1]
	at org.apache.jorphan.collections.HashTree.traverseInto(HashTree.java:994) [jorphan.jar:5.2.1]
	at org.apache.jorphan.collections.HashTree.traverse(HashTree.java:977) [jorphan.jar:5.2.1]
	at org.apache.jmeter.engine.StandardJMeterEngine.run(StandardJMeterEngine.java:362) [ApacheJMeter_core.jar:5.2.1]
	at java.lang.Thread.run(Thread.java:834) [?:?]
Caused by: java.lang.reflect.InvocationTargetException
	at jdk.internal.reflect.NativeMethodAccessorImpl.invoke0(Native Method) ~[?:?]
	at jdk.internal.reflect.NativeMethodAccessorImpl.invoke(NativeMethodAccessorImpl.java:62) ~[?:?]
	at jdk.internal.reflect.DelegatingMethodAccessorImpl.invoke(DelegatingMethodAccessorImpl.java:43) ~[?:?]
	at java.lang.reflect.Method.invoke(Method.java:566) ~[?:?]
	at org.apache.jmeter.util.BeanShellInterpreter.bshInvoke(BeanShellInterpreter.java:163) ~[ApacheJMeter_core.jar:5.2.1]
	... 14 more
Caused by: bsh.ParseException: In file: inline evaluation of: ``import org.apache.jmeter.services.FileServer fileserver.getFileServer().getBaseD . . . '' Encountered "fileserver" at line 1, column 46.

	at bsh.Parser.generateParseException(Parser.java:6106) ~[bsh-2.0b6.jar:2.0b6 2016-02-05 05:16:19]
	at bsh.Parser.jj_consume_token(Parser.java:5977) ~[bsh-2.0b6.jar:2.0b6 2016-02-05 05:16:19]
	at bsh.Parser.ImportDeclaration(Parser.java:480) ~[bsh-2.0b6.jar:2.0b6 2016-02-05 05:16:19]
	at bsh.Parser.BlockStatement(Parser.java:2823) ~[bsh-2.0b6.jar:2.0b6 2016-02-05 05:16:19]
	at bsh.Parser.Line(Parser.java:172) ~[bsh-2.0b6.jar:2.0b6 2016-02-05 05:16:19]
	at bsh.Interpreter.Line(Interpreter.java:1011) ~[bsh-2.0b6.jar:2.0b6 2016-02-05 05:16:19]
	at bsh.Interpreter.eval(Interpreter.java:641) ~[bsh-2.0b6.jar:2.0b6 2016-02-05 05:16:19]
	at bsh.Interpreter.eval(Interpreter.java:750) ~[bsh-2.0b6.jar:2.0b6 2016-02-05 05:16:19]
	at bsh.Interpreter.eval(Interpreter.java:739) ~[bsh-2.0b6.jar:2.0b6 2016-02-05 05:16:19]
	at jdk.internal.reflect.NativeMethodAccessorImpl.invoke0(Native Method) ~[?:?]
	at jdk.internal.reflect.NativeMethodAccessorImpl.invoke(NativeMethodAccessorImpl.java:62) ~[?:?]
	at jdk.internal.reflect.DelegatingMethodAccessorImpl.invoke(DelegatingMethodAccessorImpl.java:43) ~[?:?]
	at java.lang.reflect.Method.invoke(Method.java:566) ~[?:?]
	at org.apache.jmeter.util.BeanShellInterpreter.bshInvoke(BeanShellInterpreter.java:163) ~[ApacheJMeter_core.jar:5.2.1]
	... 14 more
2020-05-04 16:44:12,963 INFO o.a.j.g.u.JMeterMenuBar: setRunning(true, *local*)
2020-05-04 16:44:12,964 INFO o.a.j.e.StandardJMeterEngine: Starting setUp thread groups
2020-05-04 16:44:12,964 INFO o.a.j.e.StandardJMeterEngine: Starting setUp ThreadGroup: 1 : setUp Thread Group 
2020-05-04 16:44:12,964 INFO o.a.j.e.StandardJMeterEngine: Starting 1 threads for group setUp Thread Group.
2020-05-04 16:44:12,964 INFO o.a.j.e.StandardJMeterEngine: Thread will continue on error
2020-05-04 16:44:12,964 INFO o.a.j.t.ThreadGroup: Starting thread group... number=1 threads=1 ramp-up=1 delayedStart=false
2020-05-04 16:44:12,969 INFO o.a.j.t.ThreadGroup: Started thread group number 1
2020-05-04 16:44:12,969 INFO o.a.j.e.StandardJMeterEngine: Waiting for all setup thread groups to exit
2020-05-04 16:44:12,969 INFO o.a.j.t.JMeterThread: Thread started: setUp Thread Group 1-1
2020-05-04 16:44:12,969 INFO o.a.j.s.FileServer: Stored: SubmissionData.csv
2020-05-04 16:44:13,056 INFO o.a.j.s.FileServer: Stored: SubmissionDataToEvaluate.csv
2020-05-04 16:44:13,069 INFO o.a.j.t.JMeterThread: Thread is done: setUp Thread Group 1-1
2020-05-04 16:44:13,069 INFO o.a.j.t.JMeterThread: Thread finished: setUp Thread Group 1-1
2020-05-04 16:44:13,069 INFO o.a.j.e.StandardJMeterEngine: All Setup Threads have ended
2020-05-04 16:44:13,119 INFO o.a.j.e.StandardJMeterEngine: Starting ThreadGroup: 1 : Thread Group
2020-05-04 16:44:13,119 INFO o.a.j.e.StandardJMeterEngine: Starting 1 threads for group Thread Group.
2020-05-04 16:44:13,119 INFO o.a.j.e.StandardJMeterEngine: Thread will continue on error
2020-05-04 16:44:13,119 INFO o.a.j.t.ThreadGroup: Starting thread group... number=1 threads=1 ramp-up=1 delayedStart=false
2020-05-04 16:44:13,119 INFO o.a.j.t.ThreadGroup: Started thread group number 1
2020-05-04 16:44:13,119 INFO o.a.j.e.StandardJMeterEngine: All thread groups have been started
2020-05-04 16:44:13,119 INFO o.a.j.t.JMeterThread: Thread started: Thread Group 1-1
2020-05-04 16:44:13,507 INFO o.a.j.t.JMeterThread: Thread is done: Thread Group 1-1
2020-05-04 16:44:13,507 INFO o.a.j.t.JMeterThread: Thread finished: Thread Group 1-1
2020-05-04 16:44:13,507 INFO o.a.j.e.StandardJMeterEngine: Starting tearDown thread groups
2020-05-04 16:44:13,507 INFO o.a.j.e.StandardJMeterEngine: Starting tearDown ThreadGroup: 1 : tearDown Thread Group
2020-05-04 16:44:13,508 INFO o.a.j.e.StandardJMeterEngine: Starting 1 threads for group tearDown Thread Group.
2020-05-04 16:44:13,508 INFO o.a.j.e.StandardJMeterEngine: Thread will continue on error
2020-05-04 16:44:13,508 INFO o.a.j.t.ThreadGroup: Starting thread group... number=1 threads=1 ramp-up=1 delayedStart=false
2020-05-04 16:44:13,508 INFO o.a.j.t.ThreadGroup: Started thread group number 1
2020-05-04 16:44:13,508 INFO o.a.j.t.JMeterThread: Thread started: tearDown Thread Group 1-1
2020-05-04 16:44:13,530 INFO o.a.j.t.JMeterThread: Thread is done: tearDown Thread Group 1-1
2020-05-04 16:44:13,530 INFO o.a.j.t.JMeterThread: Thread finished: tearDown Thread Group 1-1
2020-05-04 16:44:13,531 INFO o.a.j.e.StandardJMeterEngine: Notifying test listeners of end of test
2020-05-04 16:44:13,531 INFO o.a.j.s.FileServer: Close: SubmissionData.csv
2020-05-04 16:44:13,531 INFO o.a.j.s.FileServer: Close: SubmissionDataToEvaluate.csv
2020-05-04 16:44:13,532 INFO o.a.j.g.u.JMeterMenuBar: setRunning(false, *local*)
2020-05-04 16:44:50,140 INFO o.a.j.e.StandardJMeterEngine: Running the test!
2020-05-04 16:44:50,142 INFO o.a.j.s.SampleEvent: List of sample_variables: []
2020-05-04 16:44:50,146 ERROR o.a.j.u.BeanShellInterpreter: Error invoking bsh method: eval	In file: inline evaluation of: ``import org.apache.jmeter.services.FileServer fileserver.getFileServer().getBaseD . . . '' Encountered "fileserver" at line 1, column 46.

2020-05-04 16:44:50,147 WARN o.a.j.f.BeanShell: Error running BSH script
org.apache.jorphan.util.JMeterException: Error invoking bsh method: eval	In file: inline evaluation of: ``import org.apache.jmeter.services.FileServer fileserver.getFileServer().getBaseD . . . '' Encountered "fileserver" at line 1, column 46.

	at org.apache.jmeter.util.BeanShellInterpreter.bshInvoke(BeanShellInterpreter.java:180) ~[ApacheJMeter_core.jar:5.2.1]
	at org.apache.jmeter.util.BeanShellInterpreter.eval(BeanShellInterpreter.java:186) ~[ApacheJMeter_core.jar:5.2.1]
	at org.apache.jmeter.functions.BeanShell.execute(BeanShell.java:100) [ApacheJMeter_functions.jar:5.2.1]
	at org.apache.jmeter.engine.util.CompoundVariable.execute(CompoundVariable.java:136) [ApacheJMeter_core.jar:5.2.1]
	at org.apache.jmeter.engine.util.CompoundVariable.execute(CompoundVariable.java:111) [ApacheJMeter_core.jar:5.2.1]
	at org.apache.jmeter.testelement.property.FunctionProperty.getStringValue(FunctionProperty.java:92) [ApacheJMeter_core.jar:5.2.1]
	at org.apache.jmeter.testelement.AbstractTestElement.getPropertyAsString(AbstractTestElement.java:281) [ApacheJMeter_core.jar:5.2.1]
	at org.apache.jmeter.config.Argument.getValue(Argument.java:146) [ApacheJMeter_core.jar:5.2.1]
	at org.apache.jmeter.config.Arguments.getArgumentsAsMap(Arguments.java:94) [ApacheJMeter_core.jar:5.2.1]
	at org.apache.jmeter.engine.PreCompiler.createArgumentsMap(PreCompiler.java:114) [ApacheJMeter_core.jar:5.2.1]
	at org.apache.jmeter.engine.PreCompiler.addNode(PreCompiler.java:101) [ApacheJMeter_core.jar:5.2.1]
	at org.apache.jorphan.collections.HashTree.traverseInto(HashTree.java:994) [jorphan.jar:5.2.1]
	at org.apache.jorphan.collections.HashTree.traverse(HashTree.java:977) [jorphan.jar:5.2.1]
	at org.apache.jmeter.engine.StandardJMeterEngine.run(StandardJMeterEngine.java:362) [ApacheJMeter_core.jar:5.2.1]
	at java.lang.Thread.run(Thread.java:834) [?:?]
Caused by: java.lang.reflect.InvocationTargetException
	at jdk.internal.reflect.GeneratedMethodAccessor75.invoke(Unknown Source) ~[?:?]
	at jdk.internal.reflect.DelegatingMethodAccessorImpl.invoke(DelegatingMethodAccessorImpl.java:43) ~[?:?]
	at java.lang.reflect.Method.invoke(Method.java:566) ~[?:?]
	at org.apache.jmeter.util.BeanShellInterpreter.bshInvoke(BeanShellInterpreter.java:163) ~[ApacheJMeter_core.jar:5.2.1]
	... 14 more
Caused by: bsh.ParseException: In file: inline evaluation of: ``import org.apache.jmeter.services.FileServer fileserver.getFileServer().getBaseD . . . '' Encountered "fileserver" at line 1, column 46.

	at bsh.Parser.generateParseException(Parser.java:6106) ~[bsh-2.0b6.jar:2.0b6 2016-02-05 05:16:19]
	at bsh.Parser.jj_consume_token(Parser.java:5977) ~[bsh-2.0b6.jar:2.0b6 2016-02-05 05:16:19]
	at bsh.Parser.ImportDeclaration(Parser.java:480) ~[bsh-2.0b6.jar:2.0b6 2016-02-05 05:16:19]
	at bsh.Parser.BlockStatement(Parser.java:2823) ~[bsh-2.0b6.jar:2.0b6 2016-02-05 05:16:19]
	at bsh.Parser.Line(Parser.java:172) ~[bsh-2.0b6.jar:2.0b6 2016-02-05 05:16:19]
	at bsh.Interpreter.Line(Interpreter.java:1011) ~[bsh-2.0b6.jar:2.0b6 2016-02-05 05:16:19]
	at bsh.Interpreter.eval(Interpreter.java:641) ~[bsh-2.0b6.jar:2.0b6 2016-02-05 05:16:19]
	at bsh.Interpreter.eval(Interpreter.java:750) ~[bsh-2.0b6.jar:2.0b6 2016-02-05 05:16:19]
	at bsh.Interpreter.eval(Interpreter.java:739) ~[bsh-2.0b6.jar:2.0b6 2016-02-05 05:16:19]
	at jdk.internal.reflect.GeneratedMethodAccessor75.invoke(Unknown Source) ~[?:?]
	at jdk.internal.reflect.DelegatingMethodAccessorImpl.invoke(DelegatingMethodAccessorImpl.java:43) ~[?:?]
	at java.lang.reflect.Method.invoke(Method.java:566) ~[?:?]
	at org.apache.jmeter.util.BeanShellInterpreter.bshInvoke(BeanShellInterpreter.java:163) ~[ApacheJMeter_core.jar:5.2.1]
	... 14 more
2020-05-04 16:44:50,156 INFO o.a.j.g.u.JMeterMenuBar: setRunning(true, *local*)
2020-05-04 16:44:50,156 INFO o.a.j.e.StandardJMeterEngine: Starting setUp thread groups
2020-05-04 16:44:50,156 INFO o.a.j.e.StandardJMeterEngine: Starting setUp ThreadGroup: 1 : setUp Thread Group 
2020-05-04 16:44:50,156 INFO o.a.j.e.StandardJMeterEngine: Starting 1 threads for group setUp Thread Group.
2020-05-04 16:44:50,156 INFO o.a.j.e.StandardJMeterEngine: Thread will continue on error
2020-05-04 16:44:50,157 INFO o.a.j.t.ThreadGroup: Starting thread group... number=1 threads=1 ramp-up=1 delayedStart=false
2020-05-04 16:44:50,161 INFO o.a.j.t.ThreadGroup: Started thread group number 1
2020-05-04 16:44:50,161 INFO o.a.j.e.StandardJMeterEngine: Waiting for all setup thread groups to exit
2020-05-04 16:44:50,162 INFO o.a.j.t.JMeterThread: Thread started: setUp Thread Group 1-1
2020-05-04 16:44:50,162 INFO o.a.j.s.FileServer: Stored: SubmissionData.csv
2020-05-04 16:44:51,358 INFO o.a.j.s.FileServer: Stored: SubmissionDataToEvaluate.csv
2020-05-04 16:44:51,385 INFO o.a.j.t.JMeterThread: Thread is done: setUp Thread Group 1-1
2020-05-04 16:44:51,385 INFO o.a.j.t.JMeterThread: Thread finished: setUp Thread Group 1-1
2020-05-04 16:44:51,385 INFO o.a.j.e.StandardJMeterEngine: All Setup Threads have ended
2020-05-04 16:44:51,428 INFO o.a.j.e.StandardJMeterEngine: Starting ThreadGroup: 1 : Thread Group
2020-05-04 16:44:51,428 INFO o.a.j.e.StandardJMeterEngine: Starting 1 threads for group Thread Group.
2020-05-04 16:44:51,428 INFO o.a.j.e.StandardJMeterEngine: Thread will continue on error
2020-05-04 16:44:51,429 INFO o.a.j.t.ThreadGroup: Starting thread group... number=1 threads=1 ramp-up=1 delayedStart=false
2020-05-04 16:44:51,429 INFO o.a.j.t.ThreadGroup: Started thread group number 1
2020-05-04 16:44:51,429 INFO o.a.j.e.StandardJMeterEngine: All thread groups have been started
2020-05-04 16:44:51,429 INFO o.a.j.t.JMeterThread: Thread started: Thread Group 1-1
2020-05-04 16:44:51,993 INFO o.a.j.t.JMeterThread: Thread is done: Thread Group 1-1
2020-05-04 16:44:51,993 INFO o.a.j.t.JMeterThread: Thread finished: Thread Group 1-1
2020-05-04 16:44:51,993 INFO o.a.j.e.StandardJMeterEngine: Starting tearDown thread groups
2020-05-04 16:44:51,994 INFO o.a.j.e.StandardJMeterEngine: Starting tearDown ThreadGroup: 1 : tearDown Thread Group
2020-05-04 16:44:51,994 INFO o.a.j.e.StandardJMeterEngine: Starting 1 threads for group tearDown Thread Group.
2020-05-04 16:44:51,994 INFO o.a.j.e.StandardJMeterEngine: Thread will continue on error
2020-05-04 16:44:51,994 INFO o.a.j.t.ThreadGroup: Starting thread group... number=1 threads=1 ramp-up=1 delayedStart=false
2020-05-04 16:44:51,994 INFO o.a.j.t.ThreadGroup: Started thread group number 1
2020-05-04 16:44:51,994 INFO o.a.j.t.JMeterThread: Thread started: tearDown Thread Group 1-1
2020-05-04 16:44:52,010 INFO o.a.j.t.JMeterThread: Thread is done: tearDown Thread Group 1-1
2020-05-04 16:44:52,010 INFO o.a.j.t.JMeterThread: Thread finished: tearDown Thread Group 1-1
2020-05-04 16:44:52,010 INFO o.a.j.e.StandardJMeterEngine: Notifying test listeners of end of test
2020-05-04 16:44:52,010 INFO o.a.j.s.FileServer: Close: SubmissionData.csv
2020-05-04 16:44:52,010 INFO o.a.j.s.FileServer: Close: SubmissionDataToEvaluate.csv
2020-05-04 16:44:52,011 INFO o.a.j.g.u.JMeterMenuBar: setRunning(false, *local*)
2020-05-04 16:45:46,601 INFO o.a.j.e.StandardJMeterEngine: Running the test!
2020-05-04 16:45:46,602 INFO o.a.j.s.SampleEvent: List of sample_variables: []
2020-05-04 16:45:46,609 ERROR o.a.j.u.BeanShellInterpreter: Error invoking bsh method: eval	In file: inline evaluation of: ``import org.apache.jmeter.services.FileServer fileserver.getFileServer().getBaseD . . . '' Encountered "fileserver" at line 1, column 46.

2020-05-04 16:45:46,610 WARN o.a.j.f.BeanShell: Error running BSH script
org.apache.jorphan.util.JMeterException: Error invoking bsh method: eval	In file: inline evaluation of: ``import org.apache.jmeter.services.FileServer fileserver.getFileServer().getBaseD . . . '' Encountered "fileserver" at line 1, column 46.

	at org.apache.jmeter.util.BeanShellInterpreter.bshInvoke(BeanShellInterpreter.java:180) ~[ApacheJMeter_core.jar:5.2.1]
	at org.apache.jmeter.util.BeanShellInterpreter.eval(BeanShellInterpreter.java:186) ~[ApacheJMeter_core.jar:5.2.1]
	at org.apache.jmeter.functions.BeanShell.execute(BeanShell.java:100) [ApacheJMeter_functions.jar:5.2.1]
	at org.apache.jmeter.engine.util.CompoundVariable.execute(CompoundVariable.java:136) [ApacheJMeter_core.jar:5.2.1]
	at org.apache.jmeter.engine.util.CompoundVariable.execute(CompoundVariable.java:111) [ApacheJMeter_core.jar:5.2.1]
	at org.apache.jmeter.testelement.property.FunctionProperty.getStringValue(FunctionProperty.java:92) [ApacheJMeter_core.jar:5.2.1]
	at org.apache.jmeter.testelement.AbstractTestElement.getPropertyAsString(AbstractTestElement.java:281) [ApacheJMeter_core.jar:5.2.1]
	at org.apache.jmeter.config.Argument.getValue(Argument.java:146) [ApacheJMeter_core.jar:5.2.1]
	at org.apache.jmeter.config.Arguments.getArgumentsAsMap(Arguments.java:94) [ApacheJMeter_core.jar:5.2.1]
	at org.apache.jmeter.engine.PreCompiler.createArgumentsMap(PreCompiler.java:114) [ApacheJMeter_core.jar:5.2.1]
	at org.apache.jmeter.engine.PreCompiler.addNode(PreCompiler.java:101) [ApacheJMeter_core.jar:5.2.1]
	at org.apache.jorphan.collections.HashTree.traverseInto(HashTree.java:994) [jorphan.jar:5.2.1]
	at org.apache.jorphan.collections.HashTree.traverse(HashTree.java:977) [jorphan.jar:5.2.1]
	at org.apache.jmeter.engine.StandardJMeterEngine.run(StandardJMeterEngine.java:362) [ApacheJMeter_core.jar:5.2.1]
	at java.lang.Thread.run(Thread.java:834) [?:?]
Caused by: java.lang.reflect.InvocationTargetException
	at jdk.internal.reflect.GeneratedMethodAccessor75.invoke(Unknown Source) ~[?:?]
	at jdk.internal.reflect.DelegatingMethodAccessorImpl.invoke(DelegatingMethodAccessorImpl.java:43) ~[?:?]
	at java.lang.reflect.Method.invoke(Method.java:566) ~[?:?]
	at org.apache.jmeter.util.BeanShellInterpreter.bshInvoke(BeanShellInterpreter.java:163) ~[ApacheJMeter_core.jar:5.2.1]
	... 14 more
Caused by: bsh.ParseException: In file: inline evaluation of: ``import org.apache.jmeter.services.FileServer fileserver.getFileServer().getBaseD . . . '' Encountered "fileserver" at line 1, column 46.

	at bsh.Parser.generateParseException(Parser.java:6106) ~[bsh-2.0b6.jar:2.0b6 2016-02-05 05:16:19]
	at bsh.Parser.jj_consume_token(Parser.java:5977) ~[bsh-2.0b6.jar:2.0b6 2016-02-05 05:16:19]
	at bsh.Parser.ImportDeclaration(Parser.java:480) ~[bsh-2.0b6.jar:2.0b6 2016-02-05 05:16:19]
	at bsh.Parser.BlockStatement(Parser.java:2823) ~[bsh-2.0b6.jar:2.0b6 2016-02-05 05:16:19]
	at bsh.Parser.Line(Parser.java:172) ~[bsh-2.0b6.jar:2.0b6 2016-02-05 05:16:19]
	at bsh.Interpreter.Line(Interpreter.java:1011) ~[bsh-2.0b6.jar:2.0b6 2016-02-05 05:16:19]
	at bsh.Interpreter.eval(Interpreter.java:641) ~[bsh-2.0b6.jar:2.0b6 2016-02-05 05:16:19]
	at bsh.Interpreter.eval(Interpreter.java:750) ~[bsh-2.0b6.jar:2.0b6 2016-02-05 05:16:19]
	at bsh.Interpreter.eval(Interpreter.java:739) ~[bsh-2.0b6.jar:2.0b6 2016-02-05 05:16:19]
	at jdk.internal.reflect.GeneratedMethodAccessor75.invoke(Unknown Source) ~[?:?]
	at jdk.internal.reflect.DelegatingMethodAccessorImpl.invoke(DelegatingMethodAccessorImpl.java:43) ~[?:?]
	at java.lang.reflect.Method.invoke(Method.java:566) ~[?:?]
	at org.apache.jmeter.util.BeanShellInterpreter.bshInvoke(BeanShellInterpreter.java:163) ~[ApacheJMeter_core.jar:5.2.1]
	... 14 more
2020-05-04 16:45:46,612 INFO o.a.j.g.u.JMeterMenuBar: setRunning(true, *local*)
2020-05-04 16:45:46,612 INFO o.a.j.e.StandardJMeterEngine: Starting setUp thread groups
2020-05-04 16:45:46,612 INFO o.a.j.e.StandardJMeterEngine: Starting setUp ThreadGroup: 1 : setUp Thread Group 
2020-05-04 16:45:46,612 INFO o.a.j.e.StandardJMeterEngine: Starting 1 threads for group setUp Thread Group.
2020-05-04 16:45:46,612 INFO o.a.j.e.StandardJMeterEngine: Thread will continue on error
2020-05-04 16:45:46,612 INFO o.a.j.t.ThreadGroup: Starting thread group... number=1 threads=1 ramp-up=1 delayedStart=false
2020-05-04 16:45:46,618 INFO o.a.j.t.ThreadGroup: Started thread group number 1
2020-05-04 16:45:46,618 INFO o.a.j.e.StandardJMeterEngine: Waiting for all setup thread groups to exit
2020-05-04 16:45:46,619 INFO o.a.j.t.JMeterThread: Thread started: setUp Thread Group 1-1
2020-05-04 16:45:46,619 INFO o.a.j.s.FileServer: Stored: SubmissionData.csv
2020-05-04 16:45:47,517 INFO o.a.j.s.FileServer: Stored: SubmissionDataToEvaluate.csv
2020-05-04 16:45:47,538 INFO o.a.j.t.JMeterThread: Thread is done: setUp Thread Group 1-1
2020-05-04 16:45:47,539 INFO o.a.j.t.JMeterThread: Thread finished: setUp Thread Group 1-1
2020-05-04 16:45:47,539 INFO o.a.j.e.StandardJMeterEngine: All Setup Threads have ended
2020-05-04 16:45:47,580 INFO o.a.j.e.StandardJMeterEngine: Starting ThreadGroup: 1 : Thread Group
2020-05-04 16:45:47,580 INFO o.a.j.e.StandardJMeterEngine: Starting 1 threads for group Thread Group.
2020-05-04 16:45:47,580 INFO o.a.j.e.StandardJMeterEngine: Thread will continue on error
2020-05-04 16:45:47,580 INFO o.a.j.t.ThreadGroup: Starting thread group... number=1 threads=1 ramp-up=1 delayedStart=false
2020-05-04 16:45:47,580 INFO o.a.j.t.ThreadGroup: Started thread group number 1
2020-05-04 16:45:47,580 INFO o.a.j.e.StandardJMeterEngine: All thread groups have been started
2020-05-04 16:45:47,581 INFO o.a.j.t.JMeterThread: Thread started: Thread Group 1-1
2020-05-04 16:45:48,125 INFO o.a.j.t.JMeterThread: Thread is done: Thread Group 1-1
2020-05-04 16:45:48,125 INFO o.a.j.t.JMeterThread: Thread finished: Thread Group 1-1
2020-05-04 16:45:48,125 INFO o.a.j.e.StandardJMeterEngine: Starting tearDown thread groups
2020-05-04 16:45:48,125 INFO o.a.j.e.StandardJMeterEngine: Starting tearDown ThreadGroup: 1 : tearDown Thread Group
2020-05-04 16:45:48,125 INFO o.a.j.e.StandardJMeterEngine: Starting 1 threads for group tearDown Thread Group.
2020-05-04 16:45:48,125 INFO o.a.j.e.StandardJMeterEngine: Thread will continue on error
2020-05-04 16:45:48,125 INFO o.a.j.t.ThreadGroup: Starting thread group... number=1 threads=1 ramp-up=1 delayedStart=false
2020-05-04 16:45:48,126 INFO o.a.j.t.ThreadGroup: Started thread group number 1
2020-05-04 16:45:48,126 INFO o.a.j.t.JMeterThread: Thread started: tearDown Thread Group 1-1
2020-05-04 16:45:48,144 INFO o.a.j.t.JMeterThread: Thread is done: tearDown Thread Group 1-1
2020-05-04 16:45:48,144 INFO o.a.j.t.JMeterThread: Thread finished: tearDown Thread Group 1-1
2020-05-04 16:45:48,144 INFO o.a.j.e.StandardJMeterEngine: Notifying test listeners of end of test
2020-05-04 16:45:48,144 INFO o.a.j.s.FileServer: Close: SubmissionData.csv
2020-05-04 16:45:48,144 INFO o.a.j.s.FileServer: Close: SubmissionDataToEvaluate.csv
2020-05-04 16:45:48,145 INFO o.a.j.g.u.JMeterMenuBar: setRunning(false, *local*)
2020-05-04 16:46:01,826 INFO o.a.j.e.StandardJMeterEngine: Running the test!
2020-05-04 16:46:01,826 INFO o.a.j.s.SampleEvent: List of sample_variables: []
2020-05-04 16:46:01,833 ERROR o.a.j.u.BeanShellInterpreter: Error invoking bsh method: eval	In file: inline evaluation of: ``import org.apache.jmeter.services.FileServer fileserver.getFileServer().getBaseD . . . '' Encountered "fileserver" at line 1, column 46.

2020-05-04 16:46:01,833 WARN o.a.j.f.BeanShell: Error running BSH script
org.apache.jorphan.util.JMeterException: Error invoking bsh method: eval	In file: inline evaluation of: ``import org.apache.jmeter.services.FileServer fileserver.getFileServer().getBaseD . . . '' Encountered "fileserver" at line 1, column 46.

	at org.apache.jmeter.util.BeanShellInterpreter.bshInvoke(BeanShellInterpreter.java:180) ~[ApacheJMeter_core.jar:5.2.1]
	at org.apache.jmeter.util.BeanShellInterpreter.eval(BeanShellInterpreter.java:186) ~[ApacheJMeter_core.jar:5.2.1]
	at org.apache.jmeter.functions.BeanShell.execute(BeanShell.java:100) [ApacheJMeter_functions.jar:5.2.1]
	at org.apache.jmeter.engine.util.CompoundVariable.execute(CompoundVariable.java:136) [ApacheJMeter_core.jar:5.2.1]
	at org.apache.jmeter.engine.util.CompoundVariable.execute(CompoundVariable.java:111) [ApacheJMeter_core.jar:5.2.1]
	at org.apache.jmeter.testelement.property.FunctionProperty.getStringValue(FunctionProperty.java:92) [ApacheJMeter_core.jar:5.2.1]
	at org.apache.jmeter.testelement.AbstractTestElement.getPropertyAsString(AbstractTestElement.java:281) [ApacheJMeter_core.jar:5.2.1]
	at org.apache.jmeter.config.Argument.getValue(Argument.java:146) [ApacheJMeter_core.jar:5.2.1]
	at org.apache.jmeter.config.Arguments.getArgumentsAsMap(Arguments.java:94) [ApacheJMeter_core.jar:5.2.1]
	at org.apache.jmeter.engine.PreCompiler.createArgumentsMap(PreCompiler.java:114) [ApacheJMeter_core.jar:5.2.1]
	at org.apache.jmeter.engine.PreCompiler.addNode(PreCompiler.java:101) [ApacheJMeter_core.jar:5.2.1]
	at org.apache.jorphan.collections.HashTree.traverseInto(HashTree.java:994) [jorphan.jar:5.2.1]
	at org.apache.jorphan.collections.HashTree.traverse(HashTree.java:977) [jorphan.jar:5.2.1]
	at org.apache.jmeter.engine.StandardJMeterEngine.run(StandardJMeterEngine.java:362) [ApacheJMeter_core.jar:5.2.1]
	at java.lang.Thread.run(Thread.java:834) [?:?]
Caused by: java.lang.reflect.InvocationTargetException
	at jdk.internal.reflect.GeneratedMethodAccessor75.invoke(Unknown Source) ~[?:?]
	at jdk.internal.reflect.DelegatingMethodAccessorImpl.invoke(DelegatingMethodAccessorImpl.java:43) ~[?:?]
	at java.lang.reflect.Method.invoke(Method.java:566) ~[?:?]
	at org.apache.jmeter.util.BeanShellInterpreter.bshInvoke(BeanShellInterpreter.java:163) ~[ApacheJMeter_core.jar:5.2.1]
	... 14 more
Caused by: bsh.ParseException: In file: inline evaluation of: ``import org.apache.jmeter.services.FileServer fileserver.getFileServer().getBaseD . . . '' Encountered "fileserver" at line 1, column 46.

	at bsh.Parser.generateParseException(Parser.java:6106) ~[bsh-2.0b6.jar:2.0b6 2016-02-05 05:16:19]
	at bsh.Parser.jj_consume_token(Parser.java:5977) ~[bsh-2.0b6.jar:2.0b6 2016-02-05 05:16:19]
	at bsh.Parser.ImportDeclaration(Parser.java:480) ~[bsh-2.0b6.jar:2.0b6 2016-02-05 05:16:19]
	at bsh.Parser.BlockStatement(Parser.java:2823) ~[bsh-2.0b6.jar:2.0b6 2016-02-05 05:16:19]
	at bsh.Parser.Line(Parser.java:172) ~[bsh-2.0b6.jar:2.0b6 2016-02-05 05:16:19]
	at bsh.Interpreter.Line(Interpreter.java:1011) ~[bsh-2.0b6.jar:2.0b6 2016-02-05 05:16:19]
	at bsh.Interpreter.eval(Interpreter.java:641) ~[bsh-2.0b6.jar:2.0b6 2016-02-05 05:16:19]
	at bsh.Interpreter.eval(Interpreter.java:750) ~[bsh-2.0b6.jar:2.0b6 2016-02-05 05:16:19]
	at bsh.Interpreter.eval(Interpreter.java:739) ~[bsh-2.0b6.jar:2.0b6 2016-02-05 05:16:19]
	at jdk.internal.reflect.GeneratedMethodAccessor75.invoke(Unknown Source) ~[?:?]
	at jdk.internal.reflect.DelegatingMethodAccessorImpl.invoke(DelegatingMethodAccessorImpl.java:43) ~[?:?]
	at java.lang.reflect.Method.invoke(Method.java:566) ~[?:?]
	at org.apache.jmeter.util.BeanShellInterpreter.bshInvoke(BeanShellInterpreter.java:163) ~[ApacheJMeter_core.jar:5.2.1]
	... 14 more
2020-05-04 16:46:01,837 INFO o.a.j.g.u.JMeterMenuBar: setRunning(true, *local*)
2020-05-04 16:46:01,838 INFO o.a.j.e.StandardJMeterEngine: Starting setUp thread groups
2020-05-04 16:46:01,838 INFO o.a.j.e.StandardJMeterEngine: Starting setUp ThreadGroup: 1 : setUp Thread Group 
2020-05-04 16:46:01,838 INFO o.a.j.e.StandardJMeterEngine: Starting 1 threads for group setUp Thread Group.
2020-05-04 16:46:01,838 INFO o.a.j.e.StandardJMeterEngine: Thread will continue on error
2020-05-04 16:46:01,838 INFO o.a.j.t.ThreadGroup: Starting thread group... number=1 threads=1 ramp-up=1 delayedStart=false
2020-05-04 16:46:01,841 INFO o.a.j.t.ThreadGroup: Started thread group number 1
2020-05-04 16:46:01,841 INFO o.a.j.e.StandardJMeterEngine: Waiting for all setup thread groups to exit
2020-05-04 16:46:01,841 INFO o.a.j.t.JMeterThread: Thread started: setUp Thread Group 1-1
2020-05-04 16:46:01,842 INFO o.a.j.s.FileServer: Stored: SubmissionData.csv
2020-05-04 16:46:01,938 INFO o.a.j.s.FileServer: Stored: SubmissionDataToEvaluate.csv
2020-05-04 16:46:01,952 INFO o.a.j.t.JMeterThread: Thread is done: setUp Thread Group 1-1
2020-05-04 16:46:01,952 INFO o.a.j.t.JMeterThread: Thread finished: setUp Thread Group 1-1
2020-05-04 16:46:01,952 INFO o.a.j.e.StandardJMeterEngine: All Setup Threads have ended
2020-05-04 16:46:01,995 INFO o.a.j.e.StandardJMeterEngine: Starting ThreadGroup: 1 : Thread Group
2020-05-04 16:46:01,995 INFO o.a.j.e.StandardJMeterEngine: Starting 1 threads for group Thread Group.
2020-05-04 16:46:01,995 INFO o.a.j.e.StandardJMeterEngine: Thread will continue on error
2020-05-04 16:46:01,995 INFO o.a.j.t.ThreadGroup: Starting thread group... number=1 threads=1 ramp-up=1 delayedStart=false
2020-05-04 16:46:01,996 INFO o.a.j.t.ThreadGroup: Started thread group number 1
2020-05-04 16:46:01,996 INFO o.a.j.e.StandardJMeterEngine: All thread groups have been started
2020-05-04 16:46:01,996 INFO o.a.j.t.JMeterThread: Thread started: Thread Group 1-1
2020-05-04 16:46:02,399 INFO o.a.j.t.JMeterThread: Thread is done: Thread Group 1-1
2020-05-04 16:46:02,399 INFO o.a.j.t.JMeterThread: Thread finished: Thread Group 1-1
2020-05-04 16:46:02,399 INFO o.a.j.e.StandardJMeterEngine: Starting tearDown thread groups
2020-05-04 16:46:02,399 INFO o.a.j.e.StandardJMeterEngine: Starting tearDown ThreadGroup: 1 : tearDown Thread Group
2020-05-04 16:46:02,399 INFO o.a.j.e.StandardJMeterEngine: Starting 1 threads for group tearDown Thread Group.
2020-05-04 16:46:02,399 INFO o.a.j.e.StandardJMeterEngine: Thread will continue on error
2020-05-04 16:46:02,399 INFO o.a.j.t.ThreadGroup: Starting thread group... number=1 threads=1 ramp-up=1 delayedStart=false
2020-05-04 16:46:02,400 INFO o.a.j.t.ThreadGroup: Started thread group number 1
2020-05-04 16:46:02,400 INFO o.a.j.t.JMeterThread: Thread started: tearDown Thread Group 1-1
2020-05-04 16:46:02,422 INFO o.a.j.t.JMeterThread: Thread is done: tearDown Thread Group 1-1
2020-05-04 16:46:02,422 INFO o.a.j.t.JMeterThread: Thread finished: tearDown Thread Group 1-1
2020-05-04 16:46:02,423 INFO o.a.j.e.StandardJMeterEngine: Notifying test listeners of end of test
2020-05-04 16:46:02,423 INFO o.a.j.s.FileServer: Close: SubmissionData.csv
2020-05-04 16:46:02,423 INFO o.a.j.s.FileServer: Close: SubmissionDataToEvaluate.csv
2020-05-04 16:46:02,424 INFO o.a.j.g.u.JMeterMenuBar: setRunning(false, *local*)
a.j.e.StandardJMeterEngine: Waiting for all setup thread groups to exit
2020-05-04 16:30:24,136 INFO o.a.j.t.JMeterThread: Thread started: setUp Thread Group 1-1
2020-05-04 16:30:24,137 INFO o.a.j.s.FileServer: Stored: SubmissionData.csv
2020-05-04 16:30:24,183 INFO o.a.j.t.JMeterThread: Thread is done: setUp Thread Group 1-1
2020-05-04 16:30:24,184 INFO o.a.j.t.JMeterThread: Thread finished: setUp Thread Group 1-1
2020-05-04 16:30:24,184 INFO o.a.j.e.StandardJMeterEngine: All Setup Threads have ended
2020-05-04 16:30:24,246 INFO o.a.j.e.StandardJMeterEngine: Starting ThreadGroup: 1 : Thread Group
2020-05-04 16:30:24,246 INFO o.a.j.e.StandardJMeterEngine: Starting 1 threads for group Thread Group.
2020-05-04 16:30:24,246 INFO o.a.j.e.StandardJMeterEngine: Thread will continue on error
2020-05-04 16:30:24,246 INFO o.a.j.t.ThreadGroup: Starting thread group... number=1 threads=1 ramp-up=1 delayedStart=false
2020-05-04 16:30:24,246 INFO o.a.j.t.ThreadGroup: Started thread group number 1
2020-05-04 16:30:24,246 INFO o.a.j.e.StandardJMeterEngine: All thread groups have been started
2020-05-04 16:30:24,246 INFO o.a.j.t.JMeterThread: Thread started: Thread Group 1-1
2020-05-04 16:30:24,266 INFO o.a.j.s.FileServer: Stored: SubmissionDataToEvaluate.csv
2020-05-04 16:30:24,280 INFO o.a.j.t.JMeterThread: Thread is done: Thread Group 1-1
2020-05-04 16:30:24,280 INFO o.a.j.t.JMeterThread: Thread finished: Thread Group 1-1
2020-05-04 16:30:24,280 INFO o.a.j.e.StandardJMeterEngine: Starting tearDown thread groups
2020-05-04 16:30:24,280 INFO o.a.j.e.StandardJMeterEngine: Starting tearDown ThreadGroup: 1 : tearDown Thread Group
2020-05-04 16:30:24,280 INFO o.a.j.e.StandardJMeterEngine: Starting 1 threads for group tearDown Thread Group.
2020-05-04 16:30:24,280 INFO o.a.j.e.StandardJMeterEngine: Thread will continue on error
2020-05-04 16:30:24,280 INFO o.a.j.t.ThreadGroup: Starting thread group... number=1 threads=1 ramp-up=1 delayedStart=false
2020-05-04 16:30:24,280 INFO o.a.j.t.ThreadGroup: Started thread group number 1
2020-05-04 16:30:24,281 INFO o.a.j.t.JMeterThread: Thread started: tearDown Thread Group 1-1
2020-05-04 16:30:24,295 INFO o.a.j.t.JMeterThread: Thread is done: tearDown Thread Group 1-1
2020-05-04 16:30:24,295 INFO o.a.j.t.JMeterThread: Thread finished: tearDown Thread Group 1-1
2020-05-04 16:30:24,295 INFO o.a.j.e.StandardJMeterEngine: Notifying test listeners of end of test
2020-05-04 16:30:24,295 INFO o.a.j.s.FileServer: Close: SubmissionData.csv
2020-05-04 16:30:24,296 INFO o.a.j.s.FileServer: Close: SubmissionDataToEvaluate.csv
2020-05-04 16:30:24,297 INFO o.a.j.g.u.JMeterMenuBar: setRunning(false, *local*)
2020-05-04 16:30:30,942 INFO o.a.j.v.ViewResultsFullVisualizer: Add JavaFX to your Java installation if you want to use renderer: org.apache.jmeter.visualizers.RenderInBrowser
2020-05-04 16:30:30,958 INFO o.a.j.g.a.Load: Loading file: /Users/rafael/Documents/IST/ES/project/es20al_21-project/backend/jmeter/questionbystudent/updateQuestionSubmissionTest.jmx
2020-05-04 16:30:30,958 INFO o.a.j.s.FileServer: Set new base='/Users/rafael/Documents/IST/ES/project/es20al_21-project/backend/jmeter/questionbystudent'
2020-05-04 16:30:30,958 INFO o.a.j.s.SaveService: Loading file: /Users/rafael/Documents/IST/ES/project/es20al_21-project/backend/jmeter/questionbystudent/updateQuestionSubmissionTest.jmx
2020-05-04 16:30:30,982 INFO o.a.j.v.ViewResultsFullVisualizer: Add JavaFX to your Java installation if you want to use renderer: org.apache.jmeter.visualizers.RenderInBrowser
2020-05-04 16:30:31,008 INFO o.a.j.v.ViewResultsFullVisualizer: Add JavaFX to your Java installation if you want to use renderer: org.apache.jmeter.visualizers.RenderInBrowser
2020-05-04 16:30:31,033 INFO o.a.j.v.ViewResultsFullVisualizer: Add JavaFX to your Java installation if you want to use renderer: org.apache.jmeter.visualizers.RenderInBrowser
2020-05-04 16:30:31,052 INFO o.a.j.s.FileServer: Set new base='/Users/rafael/Documents/IST/ES/project/es20al_21-project/backend/jmeter/questionbystudent'
2020-05-04 16:31:43,064 INFO o.a.j.g.a.Load: Loading file: /Users/rafael/Documents/IST/ES/project/es20al_21-project/backend/jmeter/questionbystudent/updateQuestionSubmissionTopicsTest.jmx
2020-05-04 16:31:43,065 INFO o.a.j.s.FileServer: Set new base='/Users/rafael/Documents/IST/ES/project/es20al_21-project/backend/jmeter/questionbystudent'
2020-05-04 16:31:43,065 INFO o.a.j.s.SaveService: Loading file: /Users/rafael/Documents/IST/ES/project/es20al_21-project/backend/jmeter/questionbystudent/updateQuestionSubmissionTopicsTest.jmx
2020-05-04 16:31:43,103 INFO o.a.j.v.ViewResultsFullVisualizer: Add JavaFX to your Java installation if you want to use renderer: org.apache.jmeter.visualizers.RenderInBrowser
2020-05-04 16:31:43,141 INFO o.a.j.v.ViewResultsFullVisualizer: Add JavaFX to your Java installation if you want to use renderer: org.apache.jmeter.visualizers.RenderInBrowser
2020-05-04 16:31:43,170 INFO o.a.j.v.ViewResultsFullVisualizer: Add JavaFX to your Java installation if you want to use renderer: org.apache.jmeter.visualizers.RenderInBrowser
2020-05-04 16:31:43,192 INFO o.a.j.s.FileServer: Set new base='/Users/rafael/Documents/IST/ES/project/es20al_21-project/backend/jmeter/questionbystudent'
